{"meta": {"format": 3, "version": "7.16.1", "timestamp": "2026-09-21T15:29:17.807129", "branch_coverage": true, "show_contexts": false}, "files": {"dq/__init__.py": {"executed_lines": [10, 11, 16, 17, 18, 19, 21, 24, 26, 27, 29, 30], "summary": {"covered_lines": 12, "num_statements": 12, "percent_covered": 100.0, "percent_covered_display": "100", "missing_lines": 0, "excluded_lines": 2, "percent_statements_covered": 100.0, "percent_statements_covered_display": "100", "num_branches": 2, "num_partial_branches": 0, "covered_branches": 2, "missing_branches": 0, "percent_branches_covered": 100.0, "percent_branches_covered_display": "100"}, "missing_lines": [], "excluded_lines": [13, 14], "executed_branches": [[26, 27], [26, 30]], "missing_branches": [], "functions": {"__getattr__": {"executed_lines": [26, 27, 29, 30], "summary": {"covered_lines": 4, "num_statements": 4, "percent_covered": 100.0, "percent_covered_display": "100", "missing_lines": 0, "excluded_lines": 0, "percent_statements_covered": 100.0, "percent_statements_covered_display": "100", "num_branches": 2, "num_partial_branches": 0, "covered_branches": 2, "missing_branches": 0, "percent_branches_covered": 100.0, "percent_branches_covered_display": "100"}, "missing_lines": [], "excluded_lines": [], "start_line": 24, "executed_branches": [[26, 27], [26, 30]], "missing_branches": []}, "": {"executed_lines": [10, 11, 16, 17, 18, 19, 21, 24], "summary": {"covered_lines": 8, "num_statements": 8, "percent_covered": 100.0, "percent_covered_display": "100", "missing_lines": 0, "excluded_lines": 2, "percent_statements_covered": 100.0, "percent_statements_covered_display": "100", "num_branches": 0, "num_partial_branches": 0, "covered_branches": 0, "missing_branches": 0, "percent_branches_covered": 100.0, "percent_branches_covered_display": "100"}, "missing_lines": [], "excluded_lines": [13, 14], "start_line": 1, "executed_branches": [], "missing_branches": []}}, "classes": {"": {"executed_lines": [10, 11, 16, 17, 18, 19, 21, 24, 26, 27, 29, 30], "summary": {"covered_lines": 12, "num_statements": 12, "percent_covered": 100.0, "percent_covered_display": "100", "missing_lines": 0, "excluded_lines": 2, "percent_statements_covered": 100.0, "percent_statements_covered_display": "100", "num_branches": 2, "num_partial_branches": 0, "covered_branches": 2, "missing_branches": 0, "percent_branches_covered": 100.0, "percent_branches_covered_display": "100"}, "missing_lines": [], "excluded_lines": [13, 14], "start_line": 1, "executed_branches": [[26, 27], [26, 30]], "missing_branches": []}}}, "dq/catalog/__init__.py": {"executed_lines": [6, 8], "summary": {"covered_lines": 2, "num_statements": 2, "percent_covered": 100.0, "percent_covered_display": "100", "missing_lines": 0, "excluded_lines": 0, "percent_statements_covered": 100.0, "percent_statements_covered_display": "100", "num_branches": 0, "num_partial_branches": 0, "covered_branches": 0, "missing_branches": 0, "percent_branches_covered": 100.0, "percent_branches_covered_display": "100"}, "missing_lines": [], "excluded_lines": [], "executed_branches": [], "missing_branches": [], "functions": {"": {"executed_lines": [6, 8], "summary": {"covered_lines": 2, "num_statements": 2, "percent_covered": 100.0, "percent_covered_display": "100", "missing_lines": 0, "excluded_lines": 0, "percent_statements_covered": 100.0, "percent_statements_covered_display": "100", "num_branches": 0, "num_partial_branches": 0, "covered_branches": 0, "missing_branches": 0, "percent_branches_covered": 100.0, "percent_branches_covered_display": "100"}, "missing_lines": [], "excluded_lines": [], "start_line": 1, "executed_branches": [], "missing_branches": []}}, "classes": {"": {"executed_lines": [6, 8], "summary": {"covered_lines": 2, "num_statements": 2, "percent_covered": 100.0, "percent_covered_display": "100", "missing_lines": 0, "excluded_lines": 0, "percent_statements_covered": 100.0, "percent_statements_covered_display": "100", "num_branches": 0, "num_partial_branches": 0, "covered_branches": 0, "missing_branches": 0, "percent_branches_covered": 100.0, "percent_branches_covered_display": "100"}, "missing_lines": [], "excluded_lines": [], "start_line": 1, "executed_branches": [], "missing_branches": []}}}, "dq/catalog/base.py": {"executed_lines": [6, 7, 9, 11, 14, 21, 27, 29, 30, 46, 47, 63, 64, 77, 91], "summary": {"covered_lines": 15, "num_statements": 15, "percent_covered": 100.0, "percent_covered_display": "100", "missing_lines": 0, "excluded_lines": 3, "percent_statements_covered": 100.0, "percent_statements_covered_display": "100", "num_branches": 0, "num_partial_branches": 0, "covered_branches": 0, "missing_branches": 0, "percent_branches_covered": 100.0, "percent_branches_covered_display": "100"}, "missing_lines": [], "excluded_lines": [44, 61, 75], "executed_branches": [], "missing_branches": [], "functions": {"CatalogProvider.__init__": {"executed_lines": [27], "summary": {"covered_lines": 1, "num_statements": 1, "percent_covered": 100.0, "percent_covered_display": "100", "missing_lines": 0, "excluded_lines": 0, "percent_statements_covered": 100.0, "percent_statements_covered_display": "100", "num_branches": 0, "num_partial_branches": 0, "covered_branches": 0, "missing_branches": 0, "percent_branches_covered": 100.0, "percent_branches_covered_display": "100"}, "missing_lines": [], "excluded_lines": [], "start_line": 21, "executed_branches": [], "missing_branches": []}, "CatalogProvider.get_dataframe": {"executed_lines": [], "summary": {"covered_lines": 0, "num_statements": 0, "percent_covered": 100.0, "percent_covered_display": "100", "missing_lines": 0, "excluded_lines": 1, "percent_statements_covered": 100.0, "percent_statements_covered_display": "100", "num_branches": 0, "num_partial_branches": 0, "covered_branches": 0, "missing_branches": 0, "percent_branches_covered": 100.0, "percent_branches_covered_display": "100"}, "missing_lines": [], "excluded_lines": [44], "start_line": 30, "executed_branches": [], "missing_branches": []}, "CatalogProvider.get_table_schema": {"executed_lines": [], "summary": {"covered_lines": 0, "num_statements": 0, "percent_covered": 100.0, "percent_covered_display": "100", "missing_lines": 0, "excluded_lines": 1, "percent_statements_covered": 100.0, "percent_statements_covered_display": "100", "num_branches": 0, "num_partial_branches": 0, "covered_branches": 0, "missing_branches": 0, "percent_branches_covered": 100.0, "percent_branches_covered_display": "100"}, "missing_lines": [], "excluded_lines": [61], "start_line": 47, "executed_branches": [], "missing_branches": []}, "CatalogProvider.table_exists": {"executed_lines": [], "summary": {"covered_lines": 0, "num_statements": 0, "percent_covered": 100.0, "percent_covered_display": "100", "missing_lines": 0, "excluded_lines": 1, "percent_statements_covered": 100.0, "percent_statements_covered_display": "100", "num_branches": 0, "num_partial_branches": 0, "covered_branches": 0, "missing_branches": 0, "percent_branches_covered": 100.0, "percent_branches_covered_display": "100"}, "missing_lines": [], "excluded_lines": [75], "start_line": 64, "executed_branches": [], "missing_branches": []}, "CatalogProvider._build_full_table_name": {"executed_lines": [91], "summary": {"covered_lines": 1, "num_statements": 1, "percent_covered": 100.0, "percent_covered_display": "100", "missing_lines": 0, "excluded_lines": 0, "percent_statements_covered": 100.0, "percent_statements_covered_display": "100", "num_branches": 0, "num_partial_branches": 0, "covered_branches": 0, "missing_branches": 0, "percent_branches_covered": 100.0, "percent_branches_covered_display": "100"}, "missing_lines": [], "excluded_lines": [], "start_line": 77, "executed_branches": [], "missing_branches": []}, "": {"executed_lines": [6, 7, 9, 11, 14, 21, 29, 30, 46, 47, 63, 64, 77], "summary": {"covered_lines": 13, "num_statements": 13, "percent_covered": 100.0, "percent_covered_display": "100", "missing_lines": 0, "excluded_lines": 0, "percent_statements_covered": 100.0, "percent_statements_covered_display": "100", "num_branches": 0, "num_partial_branches": 0, "covered_branches": 0, "missing_branches": 0, "percent_branches_covered": 100.0, "percent_branches_covered_display": "100"}, "missing_lines": [], "excluded_lines": [], "start_line": 1, "executed_branches": [], "missing_branches": []}}, "classes": {"CatalogProvider": {"executed_lines": [27, 91], "summary": {"covered_lines": 2, "num_statements": 2, "percent_covered": 100.0, "percent_covered_display": "100", "missing_lines": 0, "excluded_lines": 3, "percent_statements_covered": 100.0, "percent_statements_covered_display": "100", "num_branches": 0, "num_partial_branches": 0, "covered_branches": 0, "missing_branches": 0, "percent_branches_covered": 100.0, "percent_branches_covered_display": "100"}, "missing_lines": [], "excluded_lines": [44, 61, 75], "start_line": 14, "executed_branches": [], "missing_branches": []}, "": {"executed_lines": [6, 7, 9, 11, 14, 21, 29, 30, 46, 47, 63, 64, 77], "summary": {"covered_lines": 13, "num_statements": 13, "percent_covered": 100.0, "percent_covered_display": "100", "missing_lines": 0, "excluded_lines": 0, "percent_statements_covered": 100.0, "percent_statements_covered_display": "100", "num_branches": 0, "num_partial_branches": 0, "covered_branches": 0, "missing_branches": 0, "percent_branches_covered": 100.0, "percent_branches_covered_display": "100"}, "missing_lines": [], "excluded_lines": [], "start_line": 1, "executed_branches": [], "missing_branches": []}}}, "dq/catalog/catalog_factory.py": {"executed_lines": [6, 8, 9, 10, 11, 13, 16, 25, 39, 40, 56, 57, 59, 60, 62, 63, 69, 76, 78, 79, 95, 96, 99, 100, 105, 108, 115, 116, 118, 119], "summary": {"covered_lines": 30, "num_statements": 39, "percent_covered": 73.46938775510205, "percent_covered_display": "73", "missing_lines": 9, "excluded_lines": 0, "percent_statements_covered": 76.92307692307692, "percent_statements_covered_display": "77", "num_branches": 10, "num_partial_branches": 4, "covered_branches": 6, "missing_branches": 4, "percent_branches_covered": 60.0, "percent_branches_covered_display": "60"}, "missing_lines": [64, 70, 101, 102, 109, 110, 112, 113, 125], "excluded_lines": [], "executed_branches": [[56, 57], [56, 59], [63, 69], [69, 76], [100, 105], [108, 115]], "missing_branches": [[63, 64], [69, 70], [100, 101], [108, 109]], "functions": {"CatalogFactory.get_provider": {"executed_lines": [56, 57, 59, 60, 62, 63, 69, 76], "summary": {"covered_lines": 8, "num_statements": 10, "percent_covered": 75.0, "percent_covered_display": "75", "missing_lines": 2, "excluded_lines": 0, "percent_statements_covered": 80.0, "percent_statements_covered_display": "80", "num_branches": 6, "num_partial_branches": 2, "covered_branches": 4, "missing_branches": 2, "percent_branches_covered": 66.66666666666667, "percent_branches_covered_display": "67"}, "missing_lines": [64, 70], "excluded_lines": [], "start_line": 40, "executed_branches": [[56, 57], [56, 59], [63, 69], [69, 76]], "missing_branches": [[63, 64], [69, 70]]}, "CatalogFactory._detect_catalog_type": {"executed_lines": [95, 96, 99, 100, 105, 108, 115, 116], "summary": {"covered_lines": 8, "num_statements": 14, "percent_covered": 55.55555555555556, "percent_covered_display": "56", "missing_lines": 6, "excluded_lines": 0, "percent_statements_covered": 57.142857142857146, "percent_statements_covered_display": "57", "num_branches": 4, "num_partial_branches": 2, "covered_branches": 2, "missing_branches": 2, "percent_branches_covered": 50.0, "percent_branches_covered_display": "50"}, "missing_lines": [101, 102, 109, 110, 112, 113], "excluded_lines": [], "start_line": 79, "executed_branches": [[100, 105], [108, 115]], "missing_branches": [[100, 101], [108, 109]]}, "CatalogFactory.supported_types": {"executed_lines": [], "summary": {"covered_lines": 0, "num_statements": 1, "percent_covered": 0.0, "percent_covered_display": "0", "missing_lines": 1, "excluded_lines": 0, "percent_statements_covered": 0.0, "percent_statements_covered_display": "0", "num_branches": 0, "num_partial_branches": 0, "covered_branches": 0, "missing_branches": 0, "percent_branches_covered": 100.0, "percent_branches_covered_display": "100"}, "missing_lines": [125], "excluded_lines": [], "start_line": 119, "executed_branches": [], "missing_branches": []}, "": {"executed_lines": [6, 8, 9, 10, 11, 13, 16, 25, 39, 40, 78, 79, 118, 119], "summary": {"covered_lines": 14, "num_statements": 14, "percent_covered": 100.0, "percent_covered_display": "100", "missing_lines": 0, "excluded_lines": 0, "percent_statements_covered": 100.0, "percent_statements_covered_display": "100", "num_branches": 0, "num_partial_branches": 0, "covered_branches": 0, "missing_branches": 0, "percent_branches_covered": 100.0, "percent_branches_covered_display": "100"}, "missing_lines": [], "excluded_lines": [], "start_line": 1, "executed_branches": [], "missing_branches": []}}, "classes": {"CatalogFactory": {"executed_lines": [56, 57, 59, 60, 62, 63, 69, 76, 95, 96, 99, 100, 105, 108, 115, 116], "summary": {"covered_lines": 16, "num_statements": 25, "percent_covered": 62.857142857142854, "percent_covered_display": "63", "missing_lines": 9, "excluded_lines": 0, "percent_statements_covered": 64.0, "percent_statements_covered_display": "64", "num_branches": 10, "num_partial_branches": 4, "covered_branches": 6, "missing_branches": 4, "percent_branches_covered": 60.0, "percent_branches_covered_display": "60"}, "missing_lines": [64, 70, 101, 102, 109, 110, 112, 113, 125], "excluded_lines": [], "start_line": 25, "executed_branches": [[56, 57], [56, 59], [63, 69], [69, 76], [100, 105], [108, 115]], "missing_branches": [[63, 64], [69, 70], [100, 101], [108, 109]]}, "": {"executed_lines": [6, 8, 9, 10, 11, 13, 16, 25, 39, 40, 78, 79, 118, 119], "summary": {"covered_lines": 14, "num_statements": 14, "percent_covered": 100.0, "percent_covered_display": "100", "missing_lines": 0, "excluded_lines": 0, "percent_statements_covered": 100.0, "percent_statements_covered_display": "100", "num_branches": 0, "num_partial_branches": 0, "covered_branches": 0, "missing_branches": 0, "percent_branches_covered": 100.0, "percent_branches_covered_display": "100"}, "missing_lines": [], "excluded_lines": [], "start_line": 1, "executed_branches": [], "missing_branches": []}}}, "dq/catalog/glue_catalog.py": {"executed_lines": [6, 8, 9, 11, 15, 34, 109, 136, 144, 145, 146, 148, 171, 186, 190, 221, 246, 261, 275, 292, 332, 345, 349], "summary": {"covered_lines": 23, "num_statements": 110, "percent_covered": 16.91176470588235, "percent_covered_display": "17", "missing_lines": 87, "excluded_lines": 0, "percent_statements_covered": 20.90909090909091, "percent_statements_covered_display": "21", "num_branches": 26, "num_partial_branches": 0, "covered_branches": 0, "missing_branches": 26, "percent_branches_covered": 0.0, "percent_branches_covered_display": "0"}, "missing_lines": [46, 62, 64, 67, 68, 69, 70, 71, 74, 75, 76, 78, 79, 80, 83, 101, 102, 105, 106, 154, 155, 156, 158, 159, 163, 164, 165, 169, 187, 188, 204, 207, 208, 209, 210, 218, 219, 232, 233, 234, 235, 236, 237, 238, 240, 241, 242, 243, 244, 256, 257, 258, 259, 267, 268, 269, 270, 271, 272, 273, 284, 285, 286, 287, 288, 289, 290, 302, 304, 305, 306, 309, 311, 312, 313, 314, 315, 316, 318, 324, 330, 362, 363, 364, 365, 366, 367], "excluded_lines": [], "executed_branches": [], "missing_branches": [[68, 69], [68, 74], [75, 76], [75, 78], [79, 80], [79, 83], [101, 102], [101, 105], [154, 155], [154, 169], [158, 159], [158, 163], [270, 271], [270, 273], [271, 270], [271, 272], [287, 288], [287, 290], [288, 287], [288, 289], [312, 313], [312, 324], [363, 364], [363, 365], [365, 366], [365, 367]], "functions": {"_parse_glue_type": {"executed_lines": [], "summary": {"covered_lines": 0, "num_statements": 19, "percent_covered": 0.0, "percent_covered_display": "0", "missing_lines": 19, "excluded_lines": 0, "percent_statements_covered": 0.0, "percent_statements_covered_display": "0", "num_branches": 8, "num_partial_branches": 0, "covered_branches": 0, "missing_branches": 8, "percent_branches_covered": 0.0, "percent_branches_covered_display": "0"}, "missing_lines": [46, 62, 64, 67, 68, 69, 70, 71, 74, 75, 76, 78, 79, 80, 83, 101, 102, 105, 106], "excluded_lines": [], "start_line": 34, "executed_branches": [], "missing_branches": [[68, 69], [68, 74], [75, 76], [75, 78], [79, 80], [79, 83], [101, 102], [101, 105]]}, "GlueCatalogProvider.__init__": {"executed_lines": [144, 145, 146], "summary": {"covered_lines": 3, "num_statements": 3, "percent_covered": 100.0, "percent_covered_display": "100", "missing_lines": 0, "excluded_lines": 0, "percent_statements_covered": 100.0, "percent_statements_covered_display": "100", "num_branches": 0, "num_partial_branches": 0, "covered_branches": 0, "missing_branches": 0, "percent_branches_covered": 100.0, "percent_branches_covered_display": "100"}, "missing_lines": [], "excluded_lines": [], "start_line": 136, "executed_branches": [], "missing_branches": []}, "GlueCatalogProvider._get_glue_client": {"executed_lines": [], "summary": {"covered_lines": 0, "num_statements": 9, "percent_covered": 0.0, "percent_covered_display": "0", "missing_lines": 9, "excluded_lines": 0, "percent_statements_covered": 0.0, "percent_statements_covered_display": "0", "num_branches": 4, "num_partial_branches": 0, "covered_branches": 0, "missing_branches": 4, "percent_branches_covered": 0.0, "percent_branches_covered_display": "0"}, "missing_lines": [154, 155, 156, 158, 159, 163, 164, 165, 169], "excluded_lines": [], "start_line": 148, "executed_branches": [], "missing_branches": [[154, 155], [154, 169], [158, 159], [158, 163]]}, "GlueCatalogProvider.get_dataframe": {"executed_lines": [186], "summary": {"covered_lines": 1, "num_statements": 3, "percent_covered": 33.333333333333336, "percent_covered_display": "33", "missing_lines": 2, "excluded_lines": 0, "percent_statements_covered": 33.333333333333336, "percent_statements_covered_display": "33", "num_branches": 0, "num_partial_branches": 0, "covered_branches": 0, "missing_branches": 0, "percent_branches_covered": 100.0, "percent_branches_covered_display": "100"}, "missing_lines": [187, 188], "excluded_lines": [], "start_line": 171, "executed_branches": [], "missing_branches": []}, "GlueCatalogProvider.get_table_schema": {"executed_lines": [], "summary": {"covered_lines": 0, "num_statements": 7, "percent_covered": 0.0, "percent_covered_display": "0", "missing_lines": 7, "excluded_lines": 0, "percent_statements_covered": 0.0, "percent_statements_covered_display": "0", "num_branches": 0, "num_partial_branches": 0, "covered_branches": 0, "missing_branches": 0, "percent_branches_covered": 100.0, "percent_branches_covered_display": "100"}, "missing_lines": [204, 207, 208, 209, 210, 218, 219], "excluded_lines": [], "start_line": 190, "executed_branches": [], "missing_branches": []}, "GlueCatalogProvider.table_exists": {"executed_lines": [], "summary": {"covered_lines": 0, "num_statements": 12, "percent_covered": 0.0, "percent_covered_display": "0", "missing_lines": 12, "excluded_lines": 0, "percent_statements_covered": 0.0, "percent_statements_covered_display": "0", "num_branches": 0, "num_partial_branches": 0, "covered_branches": 0, "missing_branches": 0, "percent_branches_covered": 100.0, "percent_branches_covered_display": "100"}, "missing_lines": [232, 233, 234, 235, 236, 237, 238, 240, 241, 242, 243, 244], "excluded_lines": [], "start_line": 221, "executed_branches": [], "missing_branches": []}, "GlueCatalogProvider.get_table_metadata": {"executed_lines": [], "summary": {"covered_lines": 0, "num_statements": 4, "percent_covered": 0.0, "percent_covered_display": "0", "missing_lines": 4, "excluded_lines": 0, "percent_statements_covered": 0.0, "percent_statements_covered_display": "0", "num_branches": 0, "num_partial_branches": 0, "covered_branches": 0, "missing_branches": 0, "percent_branches_covered": 100.0, "percent_branches_covered_display": "100"}, "missing_lines": [256, 257, 258, 259], "excluded_lines": [], "start_line": 246, "executed_branches": [], "missing_branches": []}, "GlueCatalogProvider.list_databases": {"executed_lines": [], "summary": {"covered_lines": 0, "num_statements": 7, "percent_covered": 0.0, "percent_covered_display": "0", "missing_lines": 7, "excluded_lines": 0, "percent_statements_covered": 0.0, "percent_statements_covered_display": "0", "num_branches": 4, "num_partial_branches": 0, "covered_branches": 0, "missing_branches": 4, "percent_branches_covered": 0.0, "percent_branches_covered_display": "0"}, "missing_lines": [267, 268, 269, 270, 271, 272, 273], "excluded_lines": [], "start_line": 261, "executed_branches": [], "missing_branches": [[270, 271], [270, 273], [271, 270], [271, 272]]}, "GlueCatalogProvider.list_tables": {"executed_lines": [], "summary": {"covered_lines": 0, "num_statements": 7, "percent_covered": 0.0, "percent_covered_display": "0", "missing_lines": 7, "excluded_lines": 0, "percent_statements_covered": 0.0, "percent_statements_covered_display": "0", "num_branches": 4, "num_partial_branches": 0, "covered_branches": 0, "missing_branches": 4, "percent_branches_covered": 0.0, "percent_branches_covered_display": "0"}, "missing_lines": [284, 285, 286, 287, 288, 289, 290], "excluded_lines": [], "start_line": 275, "executed_branches": [], "missing_branches": [[287, 288], [287, 290], [288, 287], [288, 289]]}, "GlueCatalogProvider._get_schema_from_glue_api": {"executed_lines": [], "summary": {"covered_lines": 0, "num_statements": 14, "percent_covered": 0.0, "percent_covered_display": "0", "missing_lines": 14, "excluded_lines": 0, "percent_statements_covered": 0.0, "percent_statements_covered_display": "0", "num_branches": 2, "num_partial_branches": 0, "covered_branches": 0, "missing_branches": 2, "percent_branches_covered": 0.0, "percent_branches_covered_display": "0"}, "missing_lines": [302, 304, 305, 306, 309, 311, 312, 313, 314, 315, 316, 318, 324, 330], "excluded_lines": [], "start_line": 292, "executed_branches": [], "missing_branches": [[312, 313], [312, 324]]}, "GlueCatalogProvider._resolve_table_name": {"executed_lines": [345], "summary": {"covered_lines": 1, "num_statements": 1, "percent_covered": 100.0, "percent_covered_display": "100", "missing_lines": 0, "excluded_lines": 0, "percent_statements_covered": 100.0, "percent_statements_covered_display": "100", "num_branches": 0, "num_partial_branches": 0, "covered_branches": 0, "missing_branches": 0, "percent_branches_covered": 100.0, "percent_branches_covered_display": "100"}, "missing_lines": [], "excluded_lines": [], "start_line": 332, "executed_branches": [], "missing_branches": []}, "GlueCatalogProvider._split_table_reference": {"executed_lines": [], "summary": {"covered_lines": 0, "num_statements": 6, "percent_covered": 0.0, "percent_covered_display": "0", "missing_lines": 6, "excluded_lines": 0, "percent_statements_covered": 0.0, "percent_statements_covered_display": "0", "num_branches": 4, "num_partial_branches": 0, "covered_branches": 0, "missing_branches": 4, "percent_branches_covered": 0.0, "percent_branches_covered_display": "0"}, "missing_lines": [362, 363, 364, 365, 366, 367], "excluded_lines": [], "start_line": 349, "executed_branches": [], "missing_branches": [[363, 364], [363, 365], [365, 366], [365, 367]]}, "": {"executed_lines": [6, 8, 9, 11, 15, 34, 109, 136, 148, 171, 190, 221, 246, 261, 275, 292, 332, 349], "summary": {"covered_lines": 18, "num_statements": 18, "percent_covered": 100.0, "percent_covered_display": "100", "missing_lines": 0, "excluded_lines": 0, "percent_statements_covered": 100.0, "percent_statements_covered_display": "100", "num_branches": 0, "num_partial_branches": 0, "covered_branches": 0, "missing_branches": 0, "percent_branches_covered": 100.0, "percent_branches_covered_display": "100"}, "missing_lines": [], "excluded_lines": [], "start_line": 1, "executed_branches": [], "missing_branches": []}}, "classes": {"GlueCatalogProvider": {"executed_lines": [144, 145, 146, 186, 345], "summary": {"covered_lines": 5, "num_statements": 73, "percent_covered": 5.4945054945054945, "percent_covered_display": "5", "missing_lines": 68, "excluded_lines": 0, "percent_statements_covered": 6.8493150684931505, "percent_statements_covered_display": "7", "num_branches": 18, "num_partial_branches": 0, "covered_branches": 0, "missing_branches": 18, "percent_branches_covered": 0.0, "percent_branches_covered_display": "0"}, "missing_lines": [154, 155, 156, 158, 159, 163, 164, 165, 169, 187, 188, 204, 207, 208, 209, 210, 218, 219, 232, 233, 234, 235, 236, 237, 238, 240, 241, 242, 243, 244, 256, 257, 258, 259, 267, 268, 269, 270, 271, 272, 273, 284, 285, 286, 287, 288, 289, 290, 302, 304, 305, 306, 309, 311, 312, 313, 314, 315, 316, 318, 324, 330, 362, 363, 364, 365, 366, 367], "excluded_lines": [], "start_line": 109, "executed_branches": [], "missing_branches": [[154, 155], [154, 169], [158, 159], [158, 163], [270, 271], [270, 273], [271, 270], [271, 272], [287, 288], [287, 290], [288, 287], [288, 289], [312, 313], [312, 324], [363, 364], [363, 365], [365, 366], [365, 367]]}, "": {"executed_lines": [6, 8, 9, 11, 15, 34, 109, 136, 148, 171, 190, 221, 246, 261, 275, 292, 332, 349], "summary": {"covered_lines": 18, "num_statements": 37, "percent_covered": 40.0, "percent_covered_display": "40", "missing_lines": 19, "excluded_lines": 0, "percent_statements_covered": 48.648648648648646, "percent_statements_covered_display": "49", "num_branches": 8, "num_partial_branches": 0, "covered_branches": 0, "missing_branches": 8, "percent_branches_covered": 0.0, "percent_branches_covered_display": "0"}, "missing_lines": [46, 62, 64, 67, 68, 69, 70, 71, 74, 75, 76, 78, 79, 80, 83, 101, 102, 105, 106], "excluded_lines": [], "start_line": 1, "executed_branches": [], "missing_branches": [[68, 69], [68, 74], [75, 76], [75, 78], [79, 80], [79, 83], [101, 102], [101, 105]]}}}, "dq/catalog/spark_catalog.py": {"executed_lines": [6, 8, 10, 13, 20, 31, 32, 33, 35, 46, 47, 48, 50], "summary": {"covered_lines": 13, "num_statements": 18, "percent_covered": 72.22222222222223, "percent_covered_display": "72", "missing_lines": 5, "excluded_lines": 0, "percent_statements_covered": 72.22222222222223, "percent_statements_covered_display": "72", "num_branches": 0, "num_partial_branches": 0, "covered_branches": 0, "missing_branches": 0, "percent_branches_covered": 100.0, "percent_branches_covered_display": "100"}, "missing_lines": [61, 62, 63, 64, 65], "excluded_lines": [], "executed_branches": [], "missing_branches": [], "functions": {"SparkCatalogProvider.get_dataframe": {"executed_lines": [31, 32, 33], "summary": {"covered_lines": 3, "num_statements": 3, "percent_covered": 100.0, "percent_covered_display": "100", "missing_lines": 0, "excluded_lines": 0, "percent_statements_covered": 100.0, "percent_statements_covered_display": "100", "num_branches": 0, "num_partial_branches": 0, "covered_branches": 0, "missing_branches": 0, "percent_branches_covered": 100.0, "percent_branches_covered_display": "100"}, "missing_lines": [], "excluded_lines": [], "start_line": 20, "executed_branches": [], "missing_branches": []}, "SparkCatalogProvider.get_table_schema": {"executed_lines": [46, 47, 48], "summary": {"covered_lines": 3, "num_statements": 3, "percent_covered": 100.0, "percent_covered_display": "100", "missing_lines": 0, "excluded_lines": 0, "percent_statements_covered": 100.0, "percent_statements_covered_display": "100", "num_branches": 0, "num_partial_branches": 0, "covered_branches": 0, "missing_branches": 0, "percent_branches_covered": 100.0, "percent_branches_covered_display": "100"}, "missing_lines": [], "excluded_lines": [], "start_line": 35, "executed_branches": [], "missing_branches": []}, "SparkCatalogProvider.table_exists": {"executed_lines": [], "summary": {"covered_lines": 0, "num_statements": 5, "percent_covered": 0.0, "percent_covered_display": "0", "missing_lines": 5, "excluded_lines": 0, "percent_statements_covered": 0.0, "percent_statements_covered_display": "0", "num_branches": 0, "num_partial_branches": 0, "covered_branches": 0, "missing_branches": 0, "percent_branches_covered": 100.0, "percent_branches_covered_display": "100"}, "missing_lines": [61, 62, 63, 64, 65], "excluded_lines": [], "start_line": 50, "executed_branches": [], "missing_branches": []}, "": {"executed_lines": [6, 8, 10, 13, 20, 35, 50], "summary": {"covered_lines": 7, "num_statements": 7, "percent_covered": 100.0, "percent_covered_display": "100", "missing_lines": 0, "excluded_lines": 0, "percent_statements_covered": 100.0, "percent_statements_covered_display": "100", "num_branches": 0, "num_partial_branches": 0, "covered_branches": 0, "missing_branches": 0, "percent_branches_covered": 100.0, "percent_branches_covered_display": "100"}, "missing_lines": [], "excluded_lines": [], "start_line": 1, "executed_branches": [], "missing_branches": []}}, "classes": {"SparkCatalogProvider": {"executed_lines": [31, 32, 33, 46, 47, 48], "summary": {"covered_lines": 6, "num_statements": 11, "percent_covered": 54.54545454545455, "percent_covered_display": "55", "missing_lines": 5, "excluded_lines": 0, "percent_statements_covered": 54.54545454545455, "percent_statements_covered_display": "55", "num_branches": 0, "num_partial_branches": 0, "covered_branches": 0, "missing_branches": 0, "percent_branches_covered": 100.0, "percent_branches_covered_display": "100"}, "missing_lines": [61, 62, 63, 64, 65], "excluded_lines": [], "start_line": 13, "executed_branches": [], "missing_branches": []}, "": {"executed_lines": [6, 8, 10, 13, 20, 35, 50], "summary": {"covered_lines": 7, "num_statements": 7, "percent_covered": 100.0, "percent_covered_display": "100", "missing_lines": 0, "excluded_lines": 0, "percent_statements_covered": 100.0, "percent_statements_covered_display": "100", "num_branches": 0, "num_partial_branches": 0, "covered_branches": 0, "missing_branches": 0, "percent_branches_covered": 100.0, "percent_branches_covered_display": "100"}, "missing_lines": [], "excluded_lines": [], "start_line": 1, "executed_branches": [], "missing_branches": []}}}, "dq/catalog/unity_catalog.py": {"executed_lines": [6, 8, 9, 11, 14, 46, 61, 62, 63, 65, 80, 91, 92, 93, 94, 95, 100, 109, 110, 111, 114, 116, 126, 127, 134, 135, 137, 143, 144, 145, 147, 162, 163, 165, 166, 168, 169, 170, 171, 175], "summary": {"covered_lines": 40, "num_statements": 49, "percent_covered": 79.66101694915254, "percent_covered_display": "80", "missing_lines": 9, "excluded_lines": 0, "percent_statements_covered": 81.63265306122449, "percent_statements_covered_display": "82", "num_branches": 10, "num_partial_branches": 3, "covered_branches": 7, "missing_branches": 3, "percent_branches_covered": 70.0, "percent_branches_covered_display": "70"}, "missing_lines": [76, 77, 78, 96, 97, 98, 113, 131, 172], "excluded_lines": [], "executed_branches": [[109, 110], [126, 127], [163, 165], [163, 166], [166, 168], [166, 175], [168, 169]], "missing_branches": [[109, 113], [126, 131], [168, 172]], "functions": {"UnityCatalogProvider.get_dataframe": {"executed_lines": [61, 62, 63], "summary": {"covered_lines": 3, "num_statements": 3, "percent_covered": 100.0, "percent_covered_display": "100", "missing_lines": 0, "excluded_lines": 0, "percent_statements_covered": 100.0, "percent_statements_covered_display": "100", "num_branches": 0, "num_partial_branches": 0, "covered_branches": 0, "missing_branches": 0, "percent_branches_covered": 100.0, "percent_branches_covered_display": "100"}, "missing_lines": [], "excluded_lines": [], "start_line": 46, "executed_branches": [], "missing_branches": []}, "UnityCatalogProvider.get_table_schema": {"executed_lines": [], "summary": {"covered_lines": 0, "num_statements": 3, "percent_covered": 0.0, "percent_covered_display": "0", "missing_lines": 3, "excluded_lines": 0, "percent_statements_covered": 0.0, "percent_statements_covered_display": "0", "num_branches": 0, "num_partial_branches": 0, "covered_branches": 0, "missing_branches": 0, "percent_branches_covered": 100.0, "percent_branches_covered_display": "100"}, "missing_lines": [76, 77, 78], "excluded_lines": [], "start_line": 65, "executed_branches": [], "missing_branches": []}, "UnityCatalogProvider.table_exists": {"executed_lines": [91, 92, 93, 94, 95], "summary": {"covered_lines": 5, "num_statements": 8, "percent_covered": 62.5, "percent_covered_display": "62", "missing_lines": 3, "excluded_lines": 0, "percent_statements_covered": 62.5, "percent_statements_covered_display": "62", "num_branches": 0, "num_partial_branches": 0, "covered_branches": 0, "missing_branches": 0, "percent_branches_covered": 100.0, "percent_branches_covered_display": "100"}, "missing_lines": [96, 97, 98], "excluded_lines": [], "start_line": 80, "executed_branches": [], "missing_branches": []}, "UnityCatalogProvider.list_schemas": {"executed_lines": [109, 110, 111, 114], "summary": {"covered_lines": 4, "num_statements": 5, "percent_covered": 71.42857142857143, "percent_covered_display": "71", "missing_lines": 1, "excluded_lines": 0, "percent_statements_covered": 80.0, "percent_statements_covered_display": "80", "num_branches": 2, "num_partial_branches": 1, "covered_branches": 1, "missing_branches": 1, "percent_branches_covered": 50.0, "percent_branches_covered_display": "50"}, "missing_lines": [113], "excluded_lines": [], "start_line": 100, "executed_branches": [[109, 110]], "missing_branches": [[109, 113]]}, "UnityCatalogProvider.list_tables": {"executed_lines": [126, 127, 134, 135], "summary": {"covered_lines": 4, "num_statements": 5, "percent_covered": 71.42857142857143, "percent_covered_display": "71", "missing_lines": 1, "excluded_lines": 0, "percent_statements_covered": 80.0, "percent_statements_covered_display": "80", "num_branches": 2, "num_partial_branches": 1, "covered_branches": 1, "missing_branches": 1, "percent_branches_covered": 50.0, "percent_branches_covered_display": "50"}, "missing_lines": [131], "excluded_lines": [], "start_line": 116, "executed_branches": [[126, 127]], "missing_branches": [[126, 131]]}, "UnityCatalogProvider.set_current_catalog": {"executed_lines": [143, 144, 145], "summary": {"covered_lines": 3, "num_statements": 3, "percent_covered": 100.0, "percent_covered_display": "100", "missing_lines": 0, "excluded_lines": 0, "percent_statements_covered": 100.0, "percent_statements_covered_display": "100", "num_branches": 0, "num_partial_branches": 0, "covered_branches": 0, "missing_branches": 0, "percent_branches_covered": 100.0, "percent_branches_covered_display": "100"}, "missing_lines": [], "excluded_lines": [], "start_line": 137, "executed_branches": [], "missing_branches": []}, "UnityCatalogProvider._resolve_table_name": {"executed_lines": [162, 163, 165, 166, 168, 169, 170, 171, 175], "summary": {"covered_lines": 9, "num_statements": 10, "percent_covered": 87.5, "percent_covered_display": "88", "missing_lines": 1, "excluded_lines": 0, "percent_statements_covered": 90.0, "percent_statements_covered_display": "90", "num_branches": 6, "num_partial_branches": 1, "covered_branches": 5, "missing_branches": 1, "percent_branches_covered": 83.33333333333333, "percent_branches_covered_display": "83"}, "missing_lines": [172], "excluded_lines": [], "start_line": 147, "executed_branches": [[163, 165], [163, 166], [166, 168], [166, 175], [168, 169]], "missing_branches": [[168, 172]]}, "": {"executed_lines": [6, 8, 9, 11, 14, 46, 65, 80, 100, 116, 137, 147], "summary": {"covered_lines": 12, "num_statements": 12, "percent_covered": 100.0, "percent_covered_display": "100", "missing_lines": 0, "excluded_lines": 0, "percent_statements_covered": 100.0, "percent_statements_covered_display": "100", "num_branches": 0, "num_partial_branches": 0, "covered_branches": 0, "missing_branches": 0, "percent_branches_covered": 100.0, "percent_branches_covered_display": "100"}, "missing_lines": [], "excluded_lines": [], "start_line": 1, "executed_branches": [], "missing_branches": []}}, "classes": {"UnityCatalogProvider": {"executed_lines": [61, 62, 63, 91, 92, 93, 94, 95, 109, 110, 111, 114, 126, 127, 134, 135, 143, 144, 145, 162, 163, 165, 166, 168, 169, 170, 171, 175], "summary": {"covered_lines": 28, "num_statements": 37, "percent_covered": 74.46808510638297, "percent_covered_display": "74", "missing_lines": 9, "excluded_lines": 0, "percent_statements_covered": 75.67567567567568, "percent_statements_covered_display": "76", "num_branches": 10, "num_partial_branches": 3, "covered_branches": 7, "missing_branches": 3, "percent_branches_covered": 70.0, "percent_branches_covered_display": "70"}, "missing_lines": [76, 77, 78, 96, 97, 98, 113, 131, 172], "excluded_lines": [], "start_line": 14, "executed_branches": [[109, 110], [126, 127], [163, 165], [163, 166], [166, 168], [166, 175], [168, 169]], "missing_branches": [[109, 113], [126, 131], [168, 172]]}, "": {"executed_lines": [6, 8, 9, 11, 14, 46, 65, 80, 100, 116, 137, 147], "summary": {"covered_lines": 12, "num_statements": 12, "percent_covered": 100.0, "percent_covered_display": "100", "missing_lines": 0, "excluded_lines": 0, "percent_statements_covered": 100.0, "percent_statements_covered_display": "100", "num_branches": 0, "num_partial_branches": 0, "covered_branches": 0, "missing_branches": 0, "percent_branches_covered": 100.0, "percent_branches_covered_display": "100"}, "missing_lines": [], "excluded_lines": [], "start_line": 1, "executed_branches": [], "missing_branches": []}}}, "dq/cli.py": {"executed_lines": [6, 7, 8, 10, 13, 16, 18, 28, 32, 37, 42, 45, 49, 53, 58, 60, 61, 62, 63, 65, 68, 69, 70, 71, 72, 74, 75, 76, 78, 79, 85, 86, 88, 89, 91, 92, 93, 96, 97, 99, 100, 109, 110, 112, 113, 114, 115, 116, 117, 118, 120, 121, 122, 123, 124, 125, 127], "summary": {"covered_lines": 57, "num_statements": 68, "percent_covered": 82.95454545454545, "percent_covered_display": "83", "missing_lines": 11, "excluded_lines": 2, "percent_statements_covered": 83.82352941176471, "percent_statements_covered_display": "84", "num_branches": 20, "num_partial_branches": 2, "covered_branches": 16, "missing_branches": 4, "percent_branches_covered": 80.0, "percent_branches_covered_display": "80"}, "missing_lines": [66, 129, 130, 131, 134, 135, 136, 137, 138, 140, 141], "excluded_lines": [144, 145], "executed_branches": [[60, 61], [60, 62], [62, 63], [62, 65], [65, 68], [74, 75], [74, 78], [91, 92], [91, 96], [99, 100], [99, 112], [120, 121], [120, 127], [122, 123], [122, 125], [123, 124]], "missing_branches": [[65, 66], [123, 122], [137, 138], [137, 141]], "functions": {"main": {"executed_lines": [18, 28, 32, 37, 42, 45, 49, 53, 58, 60, 61, 62, 63, 65, 68, 69, 70, 71, 72, 74, 75, 76, 78, 79, 85, 86, 88, 89, 91, 92, 93, 96, 97, 99, 100, 109, 110, 112, 113, 114, 115, 116, 117, 118, 120, 121, 122, 123, 124, 125, 127], "summary": {"covered_lines": 51, "num_statements": 62, "percent_covered": 81.70731707317073, "percent_covered_display": "82", "missing_lines": 11, "excluded_lines": 0, "percent_statements_covered": 82.25806451612904, "percent_statements_covered_display": "82", "num_branches": 20, "num_partial_branches": 2, "covered_branches": 16, "missing_branches": 4, "percent_branches_covered": 80.0, "percent_branches_covered_display": "80"}, "missing_lines": [66, 129, 130, 131, 134, 135, 136, 137, 138, 140, 141], "excluded_lines": [], "start_line": 16, "executed_branches": [[60, 61], [60, 62], [62, 63], [62, 65], [65, 68], [74, 75], [74, 78], [91, 92], [91, 96], [99, 100], [99, 112], [120, 121], [120, 127], [122, 123], [122, 125], [123, 124]], "missing_branches": [[65, 66], [123, 122], [137, 138], [137, 141]]}, "": {"executed_lines": [6, 7, 8, 10, 13, 16], "summary": {"covered_lines": 6, "num_statements": 6, "percent_covered": 100.0, "percent_covered_display": "100", "missing_lines": 0, "excluded_lines": 2, "percent_statements_covered": 100.0, "percent_statements_covered_display": "100", "num_branches": 0, "num_partial_branches": 0, "covered_branches": 0, "missing_branches": 0, "percent_branches_covered": 100.0, "percent_branches_covered_display": "100"}, "missing_lines": [], "excluded_lines": [144, 145], "start_line": 1, "executed_branches": [], "missing_branches": []}}, "classes": {"": {"executed_lines": [6, 7, 8, 10, 13, 16, 18, 28, 32, 37, 42, 45, 49, 53, 58, 60, 61, 62, 63, 65, 68, 69, 70, 71, 72, 74, 75, 76, 78, 79, 85, 86, 88, 89, 91, 92, 93, 96, 97, 99, 100, 109, 110, 112, 113, 114, 115, 116, 117, 118, 120, 121, 122, 123, 124, 125, 127], "summary": {"covered_lines": 57, "num_statements": 68, "percent_covered": 82.95454545454545, "percent_covered_display": "83", "missing_lines": 11, "excluded_lines": 2, "percent_statements_covered": 83.82352941176471, "percent_statements_covered_display": "84", "num_branches": 20, "num_partial_branches": 2, "covered_branches": 16, "missing_branches": 4, "percent_branches_covered": 80.0, "percent_branches_covered_display": "80"}, "missing_lines": [66, 129, 130, 131, 134, 135, 136, 137, 138, 140, 141], "excluded_lines": [144, 145], "start_line": 1, "executed_branches": [[60, 61], [60, 62], [62, 63], [62, 65], [65, 68], [74, 75], [74, 78], [91, 92], [91, 96], [99, 100], [99, 112], [120, 121], [120, 127], [122, 123], [122, 125], [123, 124]], "missing_branches": [[65, 66], [123, 122], [137, 138], [137, 141]]}}}, "dq/dq_framework.py": {"executed_lines": [6, 7, 8, 9, 11, 13, 14, 15, 16, 17, 18, 19, 21, 24, 71, 72, 73, 74, 75, 76, 79, 81, 93, 94, 95, 96, 97, 98, 103, 104, 105, 106, 107, 108, 110, 113, 114, 118, 127, 128, 130, 134, 135, 136, 137, 138, 139, 140, 141, 142, 146, 147, 149, 151, 164, 167, 169, 170, 171, 172, 179, 190, 192, 193, 194, 195, 197, 198, 199, 201, 206, 207, 208, 209, 211, 212, 216, 220, 221, 222, 223, 224, 225, 226, 227, 228, 229, 233, 236, 237, 240, 242, 246, 264, 265, 266, 268, 278, 279, 280, 281, 286], "summary": {"covered_lines": 102, "num_statements": 117, "percent_covered": 86.33540372670808, "percent_covered_display": "86", "missing_lines": 15, "excluded_lines": 0, "percent_statements_covered": 87.17948717948718, "percent_statements_covered_display": "87", "num_branches": 44, "num_partial_branches": 5, "covered_branches": 37, "missing_branches": 7, "percent_branches_covered": 84.0909090909091, "percent_branches_covered_display": "84"}, "missing_lines": [115, 116, 166, 177, 244, 267, 269, 270, 271, 272, 275, 295, 296, 297, 298], "excluded_lines": [], "executed_branches": [[95, 96], [95, 97], [97, 98], [97, 103], [103, 104], [103, 105], [105, 106], [105, 107], [107, 108], [107, 110], [130, 134], [130, 146], [134, 135], [134, 137], [139, 140], [146, 147], [146, 149], [164, 167], [167, 169], [198, 199], [198, 201], [207, 208], [207, 242], [211, 212], [211, 216], [220, 207], [220, 221], [223, 220], [223, 224], [229, 233], [229, 236], [236, 237], [236, 240], [264, 265], [264, 266], [266, 268], [268, 278]], "missing_branches": [[139, 130], [164, 166], [167, 177], [266, 267], [268, 269], [296, 297], [296, 298]], "functions": {"DQFramework.__init__": {"executed_lines": [72, 73, 74, 75, 76, 79], "summary": {"covered_lines": 6, "num_statements": 6, "percent_covered": 100.0, "percent_covered_display": "100", "missing_lines": 0, "excluded_lines": 0, "percent_statements_covered": 100.0, "percent_statements_covered_display": "100", "num_branches": 0, "num_partial_branches": 0, "covered_branches": 0, "missing_branches": 0, "percent_branches_covered": 100.0, "percent_branches_covered_display": "100"}, "missing_lines": [], "excluded_lines": [], "start_line": 71, "executed_branches": [], "missing_branches": []}, "DQFramework._load_config": {"executed_lines": [93, 94, 95, 96, 97, 98, 103, 104, 105, 106, 107, 108, 110, 113, 114], "summary": {"covered_lines": 15, "num_statements": 17, "percent_covered": 92.5925925925926, "percent_covered_display": "93", "missing_lines": 2, "excluded_lines": 0, "percent_statements_covered": 88.23529411764706, "percent_statements_covered_display": "88", "num_branches": 10, "num_partial_branches": 0, "covered_branches": 10, "missing_branches": 0, "percent_branches_covered": 100.0, "percent_branches_covered_display": "100"}, "missing_lines": [115, 116], "excluded_lines": [], "start_line": 81, "executed_branches": [[95, 96], [95, 97], [97, 98], [97, 103], [103, 104], [103, 105], [105, 106], [105, 107], [107, 108], [107, 110]], "missing_branches": []}, "DQFramework._load_dataframes": {"executed_lines": [127, 128, 130, 134, 135, 136, 137, 138, 139, 140, 141, 142, 146, 147, 149], "summary": {"covered_lines": 15, "num_statements": 15, "percent_covered": 95.65217391304348, "percent_covered_display": "96", "missing_lines": 0, "excluded_lines": 0, "percent_statements_covered": 100.0, "percent_statements_covered_display": "100", "num_branches": 8, "num_partial_branches": 1, "covered_branches": 7, "missing_branches": 1, "percent_branches_covered": 87.5, "percent_branches_covered_display": "88"}, "missing_lines": [], "excluded_lines": [], "start_line": 118, "executed_branches": [[130, 134], [130, 146], [134, 135], [134, 137], [139, 140], [146, 147], [146, 149]], "missing_branches": [[139, 130]]}, "DQFramework._resolve_dataframe": {"executed_lines": [164, 167, 169, 170, 171, 172], "summary": {"covered_lines": 6, "num_statements": 8, "percent_covered": 66.66666666666667, "percent_covered_display": "67", "missing_lines": 2, "excluded_lines": 0, "percent_statements_covered": 75.0, "percent_statements_covered_display": "75", "num_branches": 4, "num_partial_branches": 2, "covered_branches": 2, "missing_branches": 2, "percent_branches_covered": 50.0, "percent_branches_covered_display": "50"}, "missing_lines": [166, 177], "excluded_lines": [], "start_line": 151, "executed_branches": [[164, 167], [167, 169]], "missing_branches": [[164, 166], [167, 177]]}, "DQFramework.run": {"executed_lines": [190, 192, 193, 194, 195, 197, 198, 199, 201, 206, 207, 208, 209, 211, 212, 216, 220, 221, 222, 223, 224, 225, 226, 227, 228, 229, 233, 236, 237, 240, 242], "summary": {"covered_lines": 31, "num_statements": 32, "percent_covered": 97.82608695652173, "percent_covered_display": "98", "missing_lines": 1, "excluded_lines": 0, "percent_statements_covered": 96.875, "percent_statements_covered_display": "97", "num_branches": 14, "num_partial_branches": 0, "covered_branches": 14, "missing_branches": 0, "percent_branches_covered": 100.0, "percent_branches_covered_display": "100"}, "missing_lines": [244], "excluded_lines": [], "start_line": 179, "executed_branches": [[198, 199], [198, 201], [207, 208], [207, 242], [211, 212], [211, 216], [220, 207], [220, 221], [223, 220], [223, 224], [229, 233], [229, 236], [236, 237], [236, 240]], "missing_branches": []}, "DQFramework.get_dataframe": {"executed_lines": [264, 265, 266, 268, 278, 279, 280, 281], "summary": {"covered_lines": 8, "num_statements": 14, "percent_covered": 60.0, "percent_covered_display": "60", "missing_lines": 6, "excluded_lines": 0, "percent_statements_covered": 57.142857142857146, "percent_statements_covered_display": "57", "num_branches": 6, "num_partial_branches": 2, "covered_branches": 4, "missing_branches": 2, "percent_branches_covered": 66.66666666666667, "percent_branches_covered_display": "67"}, "missing_lines": [267, 269, 270, 271, 272, 275], "excluded_lines": [], "start_line": 246, "executed_branches": [[264, 265], [264, 266], [266, 268], [268, 278]], "missing_branches": [[266, 267], [268, 269]]}, "DQFramework.pivot_configuration": {"executed_lines": [], "summary": {"covered_lines": 0, "num_statements": 4, "percent_covered": 0.0, "percent_covered_display": "0", "missing_lines": 4, "excluded_lines": 0, "percent_statements_covered": 0.0, "percent_statements_covered_display": "0", "num_branches": 2, "num_partial_branches": 0, "covered_branches": 0, "missing_branches": 2, "percent_branches_covered": 0.0, "percent_branches_covered_display": "0"}, "missing_lines": [295, 296, 297, 298], "excluded_lines": [], "start_line": 286, "executed_branches": [], "missing_branches": [[296, 297], [296, 298]]}, "": {"executed_lines": [6, 7, 8, 9, 11, 13, 14, 15, 16, 17, 18, 19, 21, 24, 71, 81, 118, 151, 179, 246, 286], "summary": {"covered_lines": 21, "num_statements": 21, "percent_covered": 100.0, "percent_covered_display": "100", "missing_lines": 0, "excluded_lines": 0, "percent_statements_covered": 100.0, "percent_statements_covered_display": "100", "num_branches": 0, "num_partial_branches": 0, "covered_branches": 0, "missing_branches": 0, "percent_branches_covered": 100.0, "percent_branches_covered_display": "100"}, "missing_lines": [], "excluded_lines": [], "start_line": 1, "executed_branches": [], "missing_branches": []}}, "classes": {"DQFramework": {"executed_lines": [72, 73, 74, 75, 76, 79, 93, 94, 95, 96, 97, 98, 103, 104, 105, 106, 107, 108, 110, 113, 114, 127, 128, 130, 134, 135, 136, 137, 138, 139, 140, 141, 142, 146, 147, 149, 164, 167, 169, 170, 171, 172, 190, 192, 193, 194, 195, 197, 198, 199, 201, 206, 207, 208, 209, 211, 212, 216, 220, 221, 222, 223, 224, 225, 226, 227, 228, 229, 233, 236, 237, 240, 242, 264, 265, 266, 268, 278, 279, 280, 281], "summary": {"covered_lines": 81, "num_statements": 96, "percent_covered": 84.28571428571429, "percent_covered_display": "84", "missing_lines": 15, "excluded_lines": 0, "percent_statements_covered": 84.375, "percent_statements_covered_display": "84", "num_branches": 44, "num_partial_branches": 5, "covered_branches": 37, "missing_branches": 7, "percent_branches_covered": 84.0909090909091, "percent_branches_covered_display": "84"}, "missing_lines": [115, 116, 166, 177, 244, 267, 269, 270, 271, 272, 275, 295, 296, 297, 298], "excluded_lines": [], "start_line": 24, "executed_branches": [[95, 96], [95, 97], [97, 98], [97, 103], [103, 104], [103, 105], [105, 106], [105, 107], [107, 108], [107, 110], [130, 134], [130, 146], [134, 135], [134, 137], [139, 140], [146, 147], [146, 149], [164, 167], [167, 169], [198, 199], [198, 201], [207, 208], [207, 242], [211, 212], [211, 216], [220, 207], [220, 221], [223, 220], [223, 224], [229, 233], [229, 236], [236, 237], [236, 240], [264, 265], [264, 266], [266, 268], [268, 278]], "missing_branches": [[139, 130], [164, 166], [167, 177], [266, 267], [268, 269], [296, 297], [296, 298]]}, "": {"executed_lines": [6, 7, 8, 9, 11, 13, 14, 15, 16, 17, 18, 19, 21, 24, 71, 81, 118, 151, 179, 246, 286], "summary": {"covered_lines": 21, "num_statements": 21, "percent_covered": 100.0, "percent_covered_display": "100", "missing_lines": 0, "excluded_lines": 0, "percent_statements_covered": 100.0, "percent_statements_covered_display": "100", "num_branches": 0, "num_partial_branches": 0, "covered_branches": 0, "missing_branches": 0, "percent_branches_covered": 100.0, "percent_branches_covered_display": "100"}, "missing_lines": [], "excluded_lines": [], "start_line": 1, "executed_branches": [], "missing_branches": []}}}, "dq/dq_repository/__init__.py": {"executed_lines": [], "summary": {"covered_lines": 0, "num_statements": 0, "percent_covered": 100.0, "percent_covered_display": "100", "missing_lines": 0, "excluded_lines": 0, "percent_statements_covered": 100.0, "percent_statements_covered_display": "100", "num_branches": 0, "num_partial_branches": 0, "covered_branches": 0, "missing_branches": 0, "percent_branches_covered": 100.0, "percent_branches_covered_display": "100"}, "missing_lines": [], "excluded_lines": [], "executed_branches": [], "missing_branches": [], "functions": {"": {"executed_lines": [], "summary": {"covered_lines": 0, "num_statements": 0, "percent_covered": 100.0, "percent_covered_display": "100", "missing_lines": 0, "excluded_lines": 0, "percent_statements_covered": 100.0, "percent_statements_covered_display": "100", "num_branches": 0, "num_partial_branches": 0, "covered_branches": 0, "missing_branches": 0, "percent_branches_covered": 100.0, "percent_branches_covered_display": "100"}, "missing_lines": [], "excluded_lines": [], "start_line": 1, "executed_branches": [], "missing_branches": []}}, "classes": {"": {"executed_lines": [], "summary": {"covered_lines": 0, "num_statements": 0, "percent_covered": 100.0, "percent_covered_display": "100", "missing_lines": 0, "excluded_lines": 0, "percent_statements_covered": 100.0, "percent_statements_covered_display": "100", "num_branches": 0, "num_partial_branches": 0, "covered_branches": 0, "missing_branches": 0, "percent_branches_covered": 100.0, "percent_branches_covered_display": "100"}, "missing_lines": [], "excluded_lines": [], "start_line": 1, "executed_branches": [], "missing_branches": []}}}, "dq/dq_repository/dq_metrics_repository.py": {"executed_lines": [], "summary": {"covered_lines": 0, "num_statements": 0, "percent_covered": 100.0, "percent_covered_display": "100", "missing_lines": 0, "excluded_lines": 0, "percent_statements_covered": 100.0, "percent_statements_covered_display": "100", "num_branches": 0, "num_partial_branches": 0, "covered_branches": 0, "missing_branches": 0, "percent_branches_covered": 100.0, "percent_branches_covered_display": "100"}, "missing_lines": [], "excluded_lines": [], "executed_branches": [], "missing_branches": [], "functions": {"": {"executed_lines": [], "summary": {"covered_lines": 0, "num_statements": 0, "percent_covered": 100.0, "percent_covered_display": "100", "missing_lines": 0, "excluded_lines": 0, "percent_statements_covered": 100.0, "percent_statements_covered_display": "100", "num_branches": 0, "num_partial_branches": 0, "covered_branches": 0, "missing_branches": 0, "percent_branches_covered": 100.0, "percent_branches_covered_display": "100"}, "missing_lines": [], "excluded_lines": [], "start_line": 1, "executed_branches": [], "missing_branches": []}}, "classes": {"": {"executed_lines": [], "summary": {"covered_lines": 0, "num_statements": 0, "percent_covered": 100.0, "percent_covered_display": "100", "missing_lines": 0, "excluded_lines": 0, "percent_statements_covered": 100.0, "percent_statements_covered_display": "100", "num_branches": 0, "num_partial_branches": 0, "covered_branches": 0, "missing_branches": 0, "percent_branches_covered": 100.0, "percent_branches_covered_display": "100"}, "missing_lines": [], "excluded_lines": [], "start_line": 1, "executed_branches": [], "missing_branches": []}}}, "dq/dq_repository/dq_rules_repository.py": {"executed_lines": [], "summary": {"covered_lines": 0, "num_statements": 11, "percent_covered": 0.0, "percent_covered_display": "0", "missing_lines": 11, "excluded_lines": 0, "percent_statements_covered": 0.0, "percent_statements_covered_display": "0", "num_branches": 0, "num_partial_branches": 0, "covered_branches": 0, "missing_branches": 0, "percent_branches_covered": 100.0, "percent_branches_covered_display": "100"}, "missing_lines": [5, 6, 7, 10, 11, 12, 13, 15, 16, 18, 19], "excluded_lines": [], "executed_branches": [], "missing_branches": [], "functions": {"DQRulesRepository.__init__": {"executed_lines": [], "summary": {"covered_lines": 0, "num_statements": 1, "percent_covered": 0.0, "percent_covered_display": "0", "missing_lines": 1, "excluded_lines": 0, "percent_statements_covered": 0.0, "percent_statements_covered_display": "0", "num_branches": 0, "num_partial_branches": 0, "covered_branches": 0, "missing_branches": 0, "percent_branches_covered": 100.0, "percent_branches_covered_display": "100"}, "missing_lines": [7], "excluded_lines": [], "start_line": 6, "executed_branches": [], "missing_branches": []}, "DQRulesRepository.store_dq_rules": {"executed_lines": [], "summary": {"covered_lines": 0, "num_statements": 3, "percent_covered": 0.0, "percent_covered_display": "0", "missing_lines": 3, "excluded_lines": 0, "percent_statements_covered": 0.0, "percent_statements_covered_display": "0", "num_branches": 0, "num_partial_branches": 0, "covered_branches": 0, "missing_branches": 0, "percent_branches_covered": 100.0, "percent_branches_covered_display": "100"}, "missing_lines": [11, 12, 13], "excluded_lines": [], "start_line": 10, "executed_branches": [], "missing_branches": []}, "DQRulesRepository.retrieve_dq_rules": {"executed_lines": [], "summary": {"covered_lines": 0, "num_statements": 3, "percent_covered": 0.0, "percent_covered_display": "0", "missing_lines": 3, "excluded_lines": 0, "percent_statements_covered": 0.0, "percent_statements_covered_display": "0", "num_branches": 0, "num_partial_branches": 0, "covered_branches": 0, "missing_branches": 0, "percent_branches_covered": 100.0, "percent_branches_covered_display": "100"}, "missing_lines": [16, 18, 19], "excluded_lines": [], "start_line": 15, "executed_branches": [], "missing_branches": []}, "": {"executed_lines": [], "summary": {"covered_lines": 0, "num_statements": 4, "percent_covered": 0.0, "percent_covered_display": "0", "missing_lines": 4, "excluded_lines": 0, "percent_statements_covered": 0.0, "percent_statements_covered_display": "0", "num_branches": 0, "num_partial_branches": 0, "covered_branches": 0, "missing_branches": 0, "percent_branches_covered": 100.0, "percent_branches_covered_display": "100"}, "missing_lines": [5, 6, 10, 15], "excluded_lines": [], "start_line": 1, "executed_branches": [], "missing_branches": []}}, "classes": {"DQRulesRepository": {"executed_lines": [], "summary": {"covered_lines": 0, "num_statements": 7, "percent_covered": 0.0, "percent_covered_display": "0", "missing_lines": 7, "excluded_lines": 0, "percent_statements_covered": 0.0, "percent_statements_covered_display": "0", "num_branches": 0, "num_partial_branches": 0, "covered_branches": 0, "missing_branches": 0, "percent_branches_covered": 100.0, "percent_branches_covered_display": "100"}, "missing_lines": [7, 11, 12, 13, 16, 18, 19], "excluded_lines": [], "start_line": 5, "executed_branches": [], "missing_branches": []}, "": {"executed_lines": [], "summary": {"covered_lines": 0, "num_statements": 4, "percent_covered": 0.0, "percent_covered_display": "0", "missing_lines": 4, "excluded_lines": 0, "percent_statements_covered": 0.0, "percent_statements_covered_display": "0", "num_branches": 0, "num_partial_branches": 0, "covered_branches": 0, "missing_branches": 0, "percent_branches_covered": 100.0, "percent_branches_covered_display": "100"}, "missing_lines": [5, 6, 10, 15], "excluded_lines": [], "start_line": 1, "executed_branches": [], "missing_branches": []}}}, "dq/engine/__init__.py": {"executed_lines": [], "summary": {"covered_lines": 0, "num_statements": 0, "percent_covered": 100.0, "percent_covered_display": "100", "missing_lines": 0, "excluded_lines": 0, "percent_statements_covered": 100.0, "percent_statements_covered_display": "100", "num_branches": 0, "num_partial_branches": 0, "covered_branches": 0, "missing_branches": 0, "percent_branches_covered": 100.0, "percent_branches_covered_display": "100"}, "missing_lines": [], "excluded_lines": [], "executed_branches": [], "missing_branches": [], "functions": {"": {"executed_lines": [], "summary": {"covered_lines": 0, "num_statements": 0, "percent_covered": 100.0, "percent_covered_display": "100", "missing_lines": 0, "excluded_lines": 0, "percent_statements_covered": 100.0, "percent_statements_covered_display": "100", "num_branches": 0, "num_partial_branches": 0, "covered_branches": 0, "missing_branches": 0, "percent_branches_covered": 100.0, "percent_branches_covered_display": "100"}, "missing_lines": [], "excluded_lines": [], "start_line": 1, "executed_branches": [], "missing_branches": []}}, "classes": {"": {"executed_lines": [], "summary": {"covered_lines": 0, "num_statements": 0, "percent_covered": 100.0, "percent_covered_display": "100", "missing_lines": 0, "excluded_lines": 0, "percent_statements_covered": 100.0, "percent_statements_covered_display": "100", "num_branches": 0, "num_partial_branches": 0, "covered_branches": 0, "missing_branches": 0, "percent_branches_covered": 100.0, "percent_branches_covered_display": "100"}, "missing_lines": [], "excluded_lines": [], "start_line": 1, "executed_branches": [], "missing_branches": []}}}, "dq/engine/custom/__init__.py": {"executed_lines": [], "summary": {"covered_lines": 0, "num_statements": 0, "percent_covered": 100.0, "percent_covered_display": "100", "missing_lines": 0, "excluded_lines": 0, "percent_statements_covered": 100.0, "percent_statements_covered_display": "100", "num_branches": 0, "num_partial_branches": 0, "covered_branches": 0, "missing_branches": 0, "percent_branches_covered": 100.0, "percent_branches_covered_display": "100"}, "missing_lines": [], "excluded_lines": [], "executed_branches": [], "missing_branches": [], "functions": {"": {"executed_lines": [], "summary": {"covered_lines": 0, "num_statements": 0, "percent_covered": 100.0, "percent_covered_display": "100", "missing_lines": 0, "excluded_lines": 0, "percent_statements_covered": 100.0, "percent_statements_covered_display": "100", "num_branches": 0, "num_partial_branches": 0, "covered_branches": 0, "missing_branches": 0, "percent_branches_covered": 100.0, "percent_branches_covered_display": "100"}, "missing_lines": [], "excluded_lines": [], "start_line": 1, "executed_branches": [], "missing_branches": []}}, "classes": {"": {"executed_lines": [], "summary": {"covered_lines": 0, "num_statements": 0, "percent_covered": 100.0, "percent_covered_display": "100", "missing_lines": 0, "excluded_lines": 0, "percent_statements_covered": 100.0, "percent_statements_covered_display": "100", "num_branches": 0, "num_partial_branches": 0, "covered_branches": 0, "missing_branches": 0, "percent_branches_covered": 100.0, "percent_branches_covered_display": "100"}, "missing_lines": [], "excluded_lines": [], "start_line": 1, "executed_branches": [], "missing_branches": []}}}, "dq/engine/custom/custom_engine.py": {"executed_lines": [4, 5, 7, 9, 10, 17, 19, 22, 44, 51, 58, 59, 60, 62, 72, 73, 74, 75, 76, 77, 78, 79, 80, 82, 83, 84, 85, 86, 93, 94, 98, 99, 105, 106, 113, 114, 120, 121, 125, 126, 127, 129, 132, 144, 145, 146, 151, 156, 170], "summary": {"covered_lines": 49, "num_statements": 49, "percent_covered": 98.46153846153847, "percent_covered_display": "98", "missing_lines": 0, "excluded_lines": 0, "percent_statements_covered": 100.0, "percent_statements_covered_display": "100", "num_branches": 16, "num_partial_branches": 1, "covered_branches": 15, "missing_branches": 1, "percent_branches_covered": 93.75, "percent_branches_covered_display": "94"}, "missing_lines": [], "excluded_lines": [], "executed_branches": [[76, 77], [76, 129], [79, 80], [79, 82], [83, 84], [83, 85], [98, 99], [98, 105], [105, 106], [105, 113], [113, 114], [113, 120], [120, 121], [144, 145], [144, 156]], "missing_branches": [[120, 125]], "functions": {"CustomEngine.__init__": {"executed_lines": [59, 60], "summary": {"covered_lines": 2, "num_statements": 2, "percent_covered": 100.0, "percent_covered_display": "100", "missing_lines": 0, "excluded_lines": 0, "percent_statements_covered": 100.0, "percent_statements_covered_display": "100", "num_branches": 0, "num_partial_branches": 0, "covered_branches": 0, "missing_branches": 0, "percent_branches_covered": 100.0, "percent_branches_covered_display": "100"}, "missing_lines": [], "excluded_lines": [], "start_line": 58, "executed_branches": [], "missing_branches": []}, "CustomEngine.apply": {"executed_lines": [72, 73, 74, 75, 76, 77, 78, 79, 80, 82, 83, 84, 85, 86, 93, 94, 98, 99, 105, 106, 113, 114, 120, 121, 125, 126, 127, 129, 132, 144, 145, 146, 151, 156, 170], "summary": {"covered_lines": 35, "num_statements": 35, "percent_covered": 98.03921568627452, "percent_covered_display": "98", "missing_lines": 0, "excluded_lines": 0, "percent_statements_covered": 100.0, "percent_statements_covered_display": "100", "num_branches": 16, "num_partial_branches": 1, "covered_branches": 15, "missing_branches": 1, "percent_branches_covered": 93.75, "percent_branches_covered_display": "94"}, "missing_lines": [], "excluded_lines": [], "start_line": 62, "executed_branches": [[76, 77], [76, 129], [79, 80], [79, 82], [83, 84], [83, 85], [98, 99], [98, 105], [105, 106], [105, 113], [113, 114], [113, 120], [120, 121], [144, 145], [144, 156]], "missing_branches": [[120, 125]]}, "": {"executed_lines": [4, 5, 7, 9, 10, 17, 19, 22, 44, 51, 58, 62], "summary": {"covered_lines": 12, "num_statements": 12, "percent_covered": 100.0, "percent_covered_display": "100", "missing_lines": 0, "excluded_lines": 0, "percent_statements_covered": 100.0, "percent_statements_covered_display": "100", "num_branches": 0, "num_partial_branches": 0, "covered_branches": 0, "missing_branches": 0, "percent_branches_covered": 100.0, "percent_branches_covered_display": "100"}, "missing_lines": [], "excluded_lines": [], "start_line": 1, "executed_branches": [], "missing_branches": []}}, "classes": {"CustomEngine": {"executed_lines": [59, 60, 72, 73, 74, 75, 76, 77, 78, 79, 80, 82, 83, 84, 85, 86, 93, 94, 98, 99, 105, 106, 113, 114, 120, 121, 125, 126, 127, 129, 132, 144, 145, 146, 151, 156, 170], "summary": {"covered_lines": 37, "num_statements": 37, "percent_covered": 98.11320754716981, "percent_covered_display": "98", "missing_lines": 0, "excluded_lines": 0, "percent_statements_covered": 100.0, "percent_statements_covered_display": "100", "num_branches": 16, "num_partial_branches": 1, "covered_branches": 15, "missing_branches": 1, "percent_branches_covered": 93.75, "percent_branches_covered_display": "94"}, "missing_lines": [], "excluded_lines": [], "start_line": 22, "executed_branches": [[76, 77], [76, 129], [79, 80], [79, 82], [83, 84], [83, 85], [98, 99], [98, 105], [105, 106], [105, 113], [113, 114], [113, 120], [120, 121], [144, 145], [144, 156]], "missing_branches": [[120, 125]]}, "": {"executed_lines": [4, 5, 7, 9, 10, 17, 19, 22, 44, 51, 58, 62], "summary": {"covered_lines": 12, "num_statements": 12, "percent_covered": 100.0, "percent_covered_display": "100", "missing_lines": 0, "excluded_lines": 0, "percent_statements_covered": 100.0, "percent_statements_covered_display": "100", "num_branches": 0, "num_partial_branches": 0, "covered_branches": 0, "missing_branches": 0, "percent_branches_covered": 100.0, "percent_branches_covered_display": "100"}, "missing_lines": [], "excluded_lines": [], "start_line": 1, "executed_branches": [], "missing_branches": []}}}, "dq/engine/custom/strategies.py": {"executed_lines": [14, 15, 17, 18, 19, 21, 22, 24, 26, 29, 31, 34, 43, 46, 48, 63, 70, 71, 72, 73, 74, 75, 76, 79, 87, 98, 101, 107, 108, 109, 110, 121, 122, 124, 125, 126, 127, 128, 129, 130, 131, 132, 133, 134, 135, 136, 137, 138, 143, 148, 149, 150, 151, 155, 156, 167, 168, 169, 170, 173, 182, 194, 200, 201, 202, 203, 204, 205, 206, 207, 208, 214, 217, 234, 236, 237, 238, 239, 240, 241, 242, 243, 244, 245, 246, 247, 248, 249, 250, 251, 252, 258, 259, 260, 261, 266, 267, 278, 279, 280, 281, 284, 293, 304, 305, 306, 307, 308, 309, 310, 311, 312, 313, 316, 321, 324, 332, 333, 335, 336, 337, 338, 339, 340, 341, 342, 344, 345, 346, 347, 348, 349, 350, 361, 364, 371, 380, 381, 382, 383, 384, 385, 392, 393, 395, 396, 397, 398, 399, 400, 401, 402, 403, 405, 406, 407, 408, 409, 410, 411, 422], "summary": {"covered_lines": 161, "num_statements": 161, "percent_covered": 99.51690821256038, "percent_covered_display": "99", "missing_lines": 0, "excluded_lines": 0, "percent_statements_covered": 100.0, "percent_statements_covered_display": "100", "num_branches": 46, "num_partial_branches": 1, "covered_branches": 45, "missing_branches": 1, "percent_branches_covered": 97.82608695652173, "percent_branches_covered_display": "98"}, "missing_lines": [], "excluded_lines": [], "executed_branches": [[71, 72], [71, 73], [73, 74], [73, 76], [108, 109], [108, 121], [126, 127], [126, 167], [127, 128], [127, 129], [133, 134], [133, 148], [137, 138], [137, 143], [167, 168], [167, 170], [203, 204], [203, 234], [238, 239], [238, 278], [242, 243], [242, 244], [248, 249], [248, 258], [278, 279], [278, 281], [310, 311], [310, 313], [311, 312], [311, 313], [332, 333], [337, 338], [337, 361], [338, 339], [338, 344], [381, 382], [381, 384], [382, 383], [382, 384], [392, 393], [392, 395], [397, 398], [397, 422], [399, 400], [399, 405]], "missing_branches": [[332, 335]], "functions": {"metric_row": {"executed_lines": [31], "summary": {"covered_lines": 1, "num_statements": 1, "percent_covered": 100.0, "percent_covered_display": "100", "missing_lines": 0, "excluded_lines": 0, "percent_statements_covered": 100.0, "percent_statements_covered_display": "100", "num_branches": 0, "num_partial_branches": 0, "covered_branches": 0, "missing_branches": 0, "percent_branches_covered": 100.0, "percent_branches_covered_display": "100"}, "missing_lines": [], "excluded_lines": [], "start_line": 29, "executed_branches": [], "missing_branches": []}, "verification_row": {"executed_lines": [43], "summary": {"covered_lines": 1, "num_statements": 1, "percent_covered": 100.0, "percent_covered_display": "100", "missing_lines": 0, "excluded_lines": 0, "percent_statements_covered": 100.0, "percent_statements_covered_display": "100", "num_branches": 0, "num_partial_branches": 0, "covered_branches": 0, "missing_branches": 0, "percent_branches_covered": 100.0, "percent_branches_covered_display": "100"}, "missing_lines": [], "excluded_lines": [], "start_line": 34, "executed_branches": [], "missing_branches": []}, "no_data_results": {"executed_lines": [48], "summary": {"covered_lines": 1, "num_statements": 1, "percent_covered": 100.0, "percent_covered_display": "100", "missing_lines": 0, "excluded_lines": 0, "percent_statements_covered": 100.0, "percent_statements_covered_display": "100", "num_branches": 0, "num_partial_branches": 0, "covered_branches": 0, "missing_branches": 0, "percent_branches_covered": 100.0, "percent_branches_covered_display": "100"}, "missing_lines": [], "excluded_lines": [], "start_line": 46, "executed_branches": [], "missing_branches": []}, "violation_expression": {"executed_lines": [70, 71, 72, 73, 74, 75, 76], "summary": {"covered_lines": 7, "num_statements": 7, "percent_covered": 100.0, "percent_covered_display": "100", "missing_lines": 0, "excluded_lines": 0, "percent_statements_covered": 100.0, "percent_statements_covered_display": "100", "num_branches": 4, "num_partial_branches": 0, "covered_branches": 4, "missing_branches": 0, "percent_branches_covered": 100.0, "percent_branches_covered_display": "100"}, "missing_lines": [], "excluded_lines": [], "start_line": 63, "executed_branches": [[71, 72], [71, 73], [73, 74], [73, 76]], "missing_branches": []}, "GroupedDistinctBoundsStrategy.apply": {"executed_lines": [98, 101, 107, 108, 109, 110, 121, 122, 124, 125, 126, 127, 128, 129, 130, 131, 132, 133, 134, 135, 136, 137, 138, 143, 148, 149, 150, 151, 155, 156, 167, 168, 169, 170], "summary": {"covered_lines": 34, "num_statements": 34, "percent_covered": 100.0, "percent_covered_display": "100", "missing_lines": 0, "excluded_lines": 0, "percent_statements_covered": 100.0, "percent_statements_covered_display": "100", "num_branches": 12, "num_partial_branches": 0, "covered_branches": 12, "missing_branches": 0, "percent_branches_covered": 100.0, "percent_branches_covered_display": "100"}, "missing_lines": [], "excluded_lines": [], "start_line": 87, "executed_branches": [[108, 109], [108, 121], [126, 127], [126, 167], [127, 128], [127, 129], [133, 134], [133, 148], [137, 138], [137, 143], [167, 168], [167, 170]], "missing_branches": []}, "ConsecutivePercentChangeStrategy.apply": {"executed_lines": [194, 200, 201, 202, 203, 204, 205, 206, 207, 208, 214, 217, 234, 236, 237, 238, 239, 240, 241, 242, 243, 244, 245, 246, 247, 248, 249, 250, 251, 252, 258, 259, 260, 261, 266, 267, 278, 279, 280, 281], "summary": {"covered_lines": 40, "num_statements": 40, "percent_covered": 100.0, "percent_covered_display": "100", "missing_lines": 0, "excluded_lines": 0, "percent_statements_covered": 100.0, "percent_statements_covered_display": "100", "num_branches": 10, "num_partial_branches": 0, "covered_branches": 10, "missing_branches": 0, "percent_branches_covered": 100.0, "percent_branches_covered_display": "100"}, "missing_lines": [], "excluded_lines": [], "start_line": 182, "executed_branches": [[203, 204], [203, 234], [238, 239], [238, 278], [242, 243], [242, 244], [248, 249], [248, 258], [278, 279], [278, 281]], "missing_branches": []}, "ColumnNamesInReferenceTableStrategy.apply": {"executed_lines": [304, 305, 306, 307, 308, 309, 310, 311, 312, 313, 316, 321, 324, 332, 333, 335, 336, 337, 338, 339, 340, 341, 342, 344, 345, 346, 347, 348, 349, 350, 361], "summary": {"covered_lines": 31, "num_statements": 31, "percent_covered": 97.5609756097561, "percent_covered_display": "98", "missing_lines": 0, "excluded_lines": 0, "percent_statements_covered": 100.0, "percent_statements_covered_display": "100", "num_branches": 10, "num_partial_branches": 1, "covered_branches": 9, "missing_branches": 1, "percent_branches_covered": 90.0, "percent_branches_covered_display": "90"}, "missing_lines": [], "excluded_lines": [], "start_line": 293, "executed_branches": [[310, 311], [310, 313], [311, 312], [311, 313], [332, 333], [337, 338], [337, 361], [338, 339], [338, 344]], "missing_branches": [[332, 335]]}, "NoNegativeValuesStrategy.apply": {"executed_lines": [380, 381, 382, 383, 384, 385, 392, 393, 395, 396, 397, 398, 399, 400, 401, 402, 403, 405, 406, 407, 408, 409, 410, 411, 422], "summary": {"covered_lines": 25, "num_statements": 25, "percent_covered": 100.0, "percent_covered_display": "100", "missing_lines": 0, "excluded_lines": 0, "percent_statements_covered": 100.0, "percent_statements_covered_display": "100", "num_branches": 10, "num_partial_branches": 0, "covered_branches": 10, "missing_branches": 0, "percent_branches_covered": 100.0, "percent_branches_covered_display": "100"}, "missing_lines": [], "excluded_lines": [], "start_line": 371, "executed_branches": [[381, 382], [381, 384], [382, 383], [382, 384], [392, 393], [392, 395], [397, 398], [397, 422], [399, 400], [399, 405]], "missing_branches": []}, "": {"executed_lines": [14, 15, 17, 18, 19, 21, 22, 24, 26, 29, 34, 46, 63, 79, 87, 173, 182, 284, 293, 364, 371], "summary": {"covered_lines": 21, "num_statements": 21, "percent_covered": 100.0, "percent_covered_display": "100", "missing_lines": 0, "excluded_lines": 0, "percent_statements_covered": 100.0, "percent_statements_covered_display": "100", "num_branches": 0, "num_partial_branches": 0, "covered_branches": 0, "missing_branches": 0, "percent_branches_covered": 100.0, "percent_branches_covered_display": "100"}, "missing_lines": [], "excluded_lines": [], "start_line": 1, "executed_branches": [], "missing_branches": []}}, "classes": {"GroupedDistinctBoundsStrategy": {"executed_lines": [98, 101, 107, 108, 109, 110, 121, 122, 124, 125, 126, 127, 128, 129, 130, 131, 132, 133, 134, 135, 136, 137, 138, 143, 148, 149, 150, 151, 155, 156, 167, 168, 169, 170], "summary": {"covered_lines": 34, "num_statements": 34, "percent_covered": 100.0, "percent_covered_display": "100", "missing_lines": 0, "excluded_lines": 0, "percent_statements_covered": 100.0, "percent_statements_covered_display": "100", "num_branches": 12, "num_partial_branches": 0, "covered_branches": 12, "missing_branches": 0, "percent_branches_covered": 100.0, "percent_branches_covered_display": "100"}, "missing_lines": [], "excluded_lines": [], "start_line": 79, "executed_branches": [[108, 109], [108, 121], [126, 127], [126, 167], [127, 128], [127, 129], [133, 134], [133, 148], [137, 138], [137, 143], [167, 168], [167, 170]], "missing_branches": []}, "ConsecutivePercentChangeStrategy": {"executed_lines": [194, 200, 201, 202, 203, 204, 205, 206, 207, 208, 214, 217, 234, 236, 237, 238, 239, 240, 241, 242, 243, 244, 245, 246, 247, 248, 249, 250, 251, 252, 258, 259, 260, 261, 266, 267, 278, 279, 280, 281], "summary": {"covered_lines": 40, "num_statements": 40, "percent_covered": 100.0, "percent_covered_display": "100", "missing_lines": 0, "excluded_lines": 0, "percent_statements_covered": 100.0, "percent_statements_covered_display": "100", "num_branches": 10, "num_partial_branches": 0, "covered_branches": 10, "missing_branches": 0, "percent_branches_covered": 100.0, "percent_branches_covered_display": "100"}, "missing_lines": [], "excluded_lines": [], "start_line": 173, "executed_branches": [[203, 204], [203, 234], [238, 239], [238, 278], [242, 243], [242, 244], [248, 249], [248, 258], [278, 279], [278, 281]], "missing_branches": []}, "ColumnNamesInReferenceTableStrategy": {"executed_lines": [304, 305, 306, 307, 308, 309, 310, 311, 312, 313, 316, 321, 324, 332, 333, 335, 336, 337, 338, 339, 340, 341, 342, 344, 345, 346, 347, 348, 349, 350, 361], "summary": {"covered_lines": 31, "num_statements": 31, "percent_covered": 97.5609756097561, "percent_covered_display": "98", "missing_lines": 0, "excluded_lines": 0, "percent_statements_covered": 100.0, "percent_statements_covered_display": "100", "num_branches": 10, "num_partial_branches": 1, "covered_branches": 9, "missing_branches": 1, "percent_branches_covered": 90.0, "percent_branches_covered_display": "90"}, "missing_lines": [], "excluded_lines": [], "start_line": 284, "executed_branches": [[310, 311], [310, 313], [311, 312], [311, 313], [332, 333], [337, 338], [337, 361], [338, 339], [338, 344]], "missing_branches": [[332, 335]]}, "NoNegativeValuesStrategy": {"executed_lines": [380, 381, 382, 383, 384, 385, 392, 393, 395, 396, 397, 398, 399, 400, 401, 402, 403, 405, 406, 407, 408, 409, 410, 411, 422], "summary": {"covered_lines": 25, "num_statements": 25, "percent_covered": 100.0, "percent_covered_display": "100", "missing_lines": 0, "excluded_lines": 0, "percent_statements_covered": 100.0, "percent_statements_covered_display": "100", "num_branches": 10, "num_partial_branches": 0, "covered_branches": 10, "missing_branches": 0, "percent_branches_covered": 100.0, "percent_branches_covered_display": "100"}, "missing_lines": [], "excluded_lines": [], "start_line": 364, "executed_branches": [[381, 382], [381, 384], [382, 383], [382, 384], [392, 393], [392, 395], [397, 398], [397, 422], [399, 400], [399, 405]], "missing_branches": []}, "": {"executed_lines": [14, 15, 17, 18, 19, 21, 22, 24, 26, 29, 31, 34, 43, 46, 48, 63, 70, 71, 72, 73, 74, 75, 76, 79, 87, 173, 182, 284, 293, 364, 371], "summary": {"covered_lines": 31, "num_statements": 31, "percent_covered": 100.0, "percent_covered_display": "100", "missing_lines": 0, "excluded_lines": 0, "percent_statements_covered": 100.0, "percent_statements_covered_display": "100", "num_branches": 4, "num_partial_branches": 0, "covered_branches": 4, "missing_branches": 0, "percent_branches_covered": 100.0, "percent_branches_covered_display": "100"}, "missing_lines": [], "excluded_lines": [], "start_line": 1, "executed_branches": [[71, 72], [71, 73], [73, 74], [73, 76]], "missing_branches": []}}}, "dq/engine/databricks/__init__.py": {"executed_lines": [], "summary": {"covered_lines": 0, "num_statements": 0, "percent_covered": 100.0, "percent_covered_display": "100", "missing_lines": 0, "excluded_lines": 0, "percent_statements_covered": 100.0, "percent_statements_covered_display": "100", "num_branches": 0, "num_partial_branches": 0, "covered_branches": 0, "missing_branches": 0, "percent_branches_covered": 100.0, "percent_branches_covered_display": "100"}, "missing_lines": [], "excluded_lines": [], "executed_branches": [], "missing_branches": [], "functions": {"": {"executed_lines": [], "summary": {"covered_lines": 0, "num_statements": 0, "percent_covered": 100.0, "percent_covered_display": "100", "missing_lines": 0, "excluded_lines": 0, "percent_statements_covered": 100.0, "percent_statements_covered_display": "100", "num_branches": 0, "num_partial_branches": 0, "covered_branches": 0, "missing_branches": 0, "percent_branches_covered": 100.0, "percent_branches_covered_display": "100"}, "missing_lines": [], "excluded_lines": [], "start_line": 1, "executed_branches": [], "missing_branches": []}}, "classes": {"": {"executed_lines": [], "summary": {"covered_lines": 0, "num_statements": 0, "percent_covered": 100.0, "percent_covered_display": "100", "missing_lines": 0, "excluded_lines": 0, "percent_statements_covered": 100.0, "percent_statements_covered_display": "100", "num_br
[...]
{"executed_lines": [], "summary": {"covered_lines": 0, "num_statements": 2, "percent_covered": 0.0, "percent_covered_display": "0", "missing_lines": 2, "excluded_lines": 0, "percent_statements_covered": 0.0, "percent_statements_covered_display": "0", "num_branches": 0, "num_partial_branches": 0, "covered_branches": 0, "missing_branches": 0, "percent_branches_covered": 100.0, "percent_branches_covered_display": "100"}, "missing_lines": [53, 54], "excluded_lines": [], "start_line": 37, "executed_branches": [], "missing_branches": []}, "table_exists": {"executed_lines": [], "summary": {"covered_lines": 0, "num_statements": 2, "percent_covered": 0.0, "percent_covered_display": "0", "missing_lines": 2, "excluded_lines": 0, "percent_statements_covered": 0.0, "percent_statements_covered_display": "0", "num_branches": 0, "num_partial_branches": 0, "covered_branches": 0, "missing_branches": 0, "percent_branches_covered": 100.0, "percent_branches_covered_display": "100"}, "missing_lines": [73, 74], "excluded_lines": [], "start_line": 57, "executed_branches": [], "missing_branches": []}, "": {"executed_lines": [], "summary": {"covered_lines": 0, "num_statements": 6, "percent_covered": 0.0, "percent_covered_display": "0", "missing_lines": 6, "excluded_lines": 0, "percent_statements_covered": 0.0, "percent_statements_covered_display": "0", "num_branches": 0, "num_partial_branches": 0, "covered_branches": 0, "missing_branches": 0, "percent_branches_covered": 100.0, "percent_branches_covered_display": "100"}, "missing_lines": [6, 8, 10, 13, 37, 57], "excluded_lines": [], "start_line": 1, "executed_branches": [], "missing_branches": []}}, "classes": {"": {"executed_lines": [], "summary": {"covered_lines": 0, "num_statements": 12, "percent_covered": 0.0, "percent_covered_display": "0", "missing_lines": 12, "excluded_lines": 0, "percent_statements_covered": 0.0, "percent_statements_covered_display": "0", "num_branches": 0, "num_partial_branches": 0, "covered_branches": 0, "missing_branches": 0, "percent_branches_covered": 100.0, "percent_branches_covered_display": "100"}, "missing_lines": [6, 8, 10, 13, 33, 34, 37, 53, 54, 57, 73, 74], "excluded_lines": [], "start_line": 1, "executed_branches": [], "missing_branches": []}}}, "dq/utils/config_utils.py": {"executed_lines": [6, 8, 9, 12, 31, 54, 64, 66, 67, 68, 69, 72, 106], "summary": {"covered_lines": 13, "num_statements": 49, "percent_covered": 19.402985074626866, "percent_covered_display": "19", "missing_lines": 36, "excluded_lines": 0, "percent_statements_covered": 26.53061224489796, "percent_statements_covered_display": "27", "num_branches": 18, "num_partial_branches": 0, "covered_branches": 0, "missing_branches": 18, "percent_branches_covered": 0.0, "percent_branches_covered_display": "0"}, "missing_lines": [21, 22, 23, 24, 25, 26, 28, 40, 41, 42, 43, 44, 45, 50, 51, 84, 86, 87, 88, 89, 90, 91, 92, 93, 94, 97, 98, 99, 100, 101, 102, 103, 115, 116, 117, 119], "excluded_lines": [], "executed_branches": [], "missing_branches": [[21, 22], [21, 23], [23, 24], [23, 25], [25, 26], [25, 28], [41, 42], [41, 51], [42, 43], [42, 44], [44, 45], [44, 50], [87, 88], [87, 89], [99, 100], [99, 102], [116, 117], [116, 119]], "functions": {"config_tree_to_python": {"executed_lines": [], "summary": {"covered_lines": 0, "num_statements": 7, "percent_covered": 0.0, "percent_covered_display": "0", "missing_lines": 7, "excluded_lines": 0, "percent_statements_covered": 0.0, "percent_statements_covered_display": "0", "num_branches": 6, "num_partial_branches": 0, "covered_branches": 0, "missing_branches": 6, "percent_branches_covered": 0.0, "percent_branches_covered_display": "0"}, "missing_lines": [21, 22, 23, 24, 25, 26, 28], "excluded_lines": [], "start_line": 12, "executed_branches": [], "missing_branches": [[21, 22], [21, 23], [23, 24], [23, 25], [25, 26], [25, 28]]}, "config_tree_to_dict": {"executed_lines": [], "summary": {"covered_lines": 0, "num_statements": 8, "percent_covered": 0.0, "percent_covered_display": "0", "missing_lines": 8, "excluded_lines": 0, "percent_statements_covered": 0.0, "percent_statements_covered_display": "0", "num_branches": 6, "num_partial_branches": 0, "covered_branches": 0, "missing_branches": 6, "percent_branches_covered": 0.0, "percent_branches_covered_display": "0"}, "missing_lines": [40, 41, 42, 43, 44, 45, 50, 51], "excluded_lines": [], "start_line": 31, "executed_branches": [], "missing_branches": [[41, 42], [41, 51], [42, 43], [42, 44], [44, 45], [44, 50]]}, "load_from_s3": {"executed_lines": [64, 66, 67, 68, 69], "summary": {"covered_lines": 5, "num_statements": 5, "percent_covered": 100.0, "percent_covered_display": "100", "missing_lines": 0, "excluded_lines": 0, "percent_statements_covered": 100.0, "percent_statements_covered_display": "100", "num_branches": 0, "num_partial_branches": 0, "covered_branches": 0, "missing_branches": 0, "percent_branches_covered": 100.0, "percent_branches_covered_display": "100"}, "missing_lines": [], "excluded_lines": [], "start_line": 54, "executed_branches": [], "missing_branches": []}, "load_from_adls": {"executed_lines": [], "summary": {"covered_lines": 0, "num_statements": 17, "percent_covered": 0.0, "percent_covered_display": "0", "missing_lines": 17, "excluded_lines": 0, "percent_statements_covered": 0.0, "percent_statements_covered_display": "0", "num_branches": 4, "num_partial_branches": 0, "covered_branches": 0, "missing_branches": 4, "percent_branches_covered": 0.0, "percent_branches_covered_display": "0"}, "missing_lines": [84, 86, 87, 88, 89, 90, 91, 92, 93, 94, 97, 98, 99, 100, 101, 102, 103], "excluded_lines": [], "start_line": 72, "executed_branches": [], "missing_branches": [[87, 88], [87, 89], [99, 100], [99, 102]]}, "load_from_uri": {"executed_lines": [], "summary": {"covered_lines": 0, "num_statements": 4, "percent_covered": 0.0, "percent_covered_display": "0", "missing_lines": 4, "excluded_lines": 0, "percent_statements_covered": 0.0, "percent_statements_covered_display": "0", "num_branches": 2, "num_partial_branches": 0, "covered_branches": 0, "missing_branches": 2, "percent_branches_covered": 0.0, "percent_branches_covered_display": "0"}, "missing_lines": [115, 116, 117, 119], "excluded_lines": [], "start_line": 106, "executed_branches": [], "missing_branches": [[116, 117], [116, 119]]}, "": {"executed_lines": [6, 8, 9, 12, 31, 54, 72, 106], "summary": {"covered_lines": 8, "num_statements": 8, "percent_covered": 100.0, "percent_covered_display": "100", "missing_lines": 0, "excluded_lines": 0, "percent_statements_covered": 100.0, "percent_statements_covered_display": "100", "num_branches": 0, "num_partial_branches": 0, "covered_branches": 0, "missing_branches": 0, "percent_branches_covered": 100.0, "percent_branches_covered_display": "100"}, "missing_lines": [], "excluded_lines": [], "start_line": 1, "executed_branches": [], "missing_branches": []}}, "classes": {"": {"executed_lines": [6, 8, 9, 12, 31, 54, 64, 66, 67, 68, 69, 72, 106], "summary": {"covered_lines": 13, "num_statements": 49, "percent_covered": 19.402985074626866, "percent_covered_display": "19", "missing_lines": 36, "excluded_lines": 0, "percent_statements_covered": 26.53061224489796, "percent_statements_covered_display": "27", "num_branches": 18, "num_partial_branches": 0, "covered_branches": 0, "missing_branches": 18, "percent_branches_covered": 0.0, "percent_branches_covered_display": "0"}, "missing_lines": [21, 22, 23, 24, 25, 26, 28, 40, 41, 42, 43, 44, 45, 50, 51, 84, 86, 87, 88, 89, 90, 91, 92, 93, 94, 97, 98, 99, 100, 101, 102, 103, 115, 116, 117, 119], "excluded_lines": [], "start_line": 1, "executed_branches": [], "missing_branches": [[21, 22], [21, 23], [23, 24], [23, 25], [25, 26], [25, 28], [41, 42], [41, 51], [42, 43], [42, 44], [44, 45], [44, 50], [87, 88], [87, 89], [99, 100], [99, 102], [116, 117], [116, 119]]}}}, "dq/utils/constants.py": {"executed_lines": [4, 6, 7, 8, 9, 10, 11, 12, 13, 14, 15, 16, 17, 18, 19, 20, 21, 22, 23, 24, 25, 26, 27, 28, 29, 30, 31, 32, 33, 34, 45, 53], "summary": {"covered_lines": 32, "num_statements": 32, "percent_covered": 100.0, "percent_covered_display": "100", "missing_lines": 0, "excluded_lines": 0, "percent_statements_covered": 100.0, "percent_statements_covered_display": "100", "num_branches": 0, "num_partial_branches": 0, "covered_branches": 0, "missing_branches": 0, "percent_branches_covered": 100.0, "percent_branches_covered_display": "100"}, "missing_lines": [], "excluded_lines": [], "executed_branches": [], "missing_branches": [], "functions": {"": {"executed_lines": [4, 6, 7, 8, 9, 10, 11, 12, 13, 14, 15, 16, 17, 18, 19, 20, 21, 22, 23, 24, 25, 26, 27, 28, 29, 30, 31, 32, 33, 34, 45, 53], "summary": {"covered_lines": 32, "num_statements": 32, "percent_covered": 100.0, "percent_covered_display": "100", "missing_lines": 0, "excluded_lines": 0, "percent_statements_covered": 100.0, "percent_statements_covered_display": "100", "num_branches": 0, "num_partial_branches": 0, "covered_branches": 0, "missing_branches": 0, "percent_branches_covered": 100.0, "percent_branches_covered_display": "100"}, "missing_lines": [], "excluded_lines": [], "start_line": 1, "executed_branches": [], "missing_branches": []}}, "classes": {"": {"executed_lines": [4, 6, 7, 8, 9, 10, 11, 12, 13, 14, 15, 16, 17, 18, 19, 20, 21, 22, 23, 24, 25, 26, 27, 28, 29, 30, 31, 32, 33, 34, 45, 53], "summary": {"covered_lines": 32, "num_statements": 32, "percent_covered": 100.0, "percent_covered_display": "100", "missing_lines": 0, "excluded_lines": 0, "percent_statements_covered": 100.0, "percent_statements_covered_display": "100", "num_branches": 0, "num_partial_branches": 0, "covered_branches": 0, "missing_branches": 0, "percent_branches_covered": 100.0, "percent_branches_covered_display": "100"}, "missing_lines": [], "excluded_lines": [], "start_line": 1, "executed_branches": [], "missing_branches": []}}}, "dq/utils/s3_utils.py": {"executed_lines": [], "summary": {"covered_lines": 0, "num_statements": 18, "percent_covered": 0.0, "percent_covered_display": "0", "missing_lines": 18, "excluded_lines": 0, "percent_statements_covered": 0.0, "percent_statements_covered_display": "0", "num_branches": 6, "num_partial_branches": 0, "covered_branches": 0, "missing_branches": 6, "percent_branches_covered": 0.0, "percent_branches_covered_display": "0"}, "missing_lines": [4, 7, 8, 9, 11, 13, 16, 18, 19, 22, 24, 25, 26, 27, 28, 29, 30, 31], "excluded_lines": [], "executed_branches": [], "missing_branches": [[27, 28], [27, 31], [28, 27], [28, 29], [29, 27], [29, 30]], "functions": {"S3Utils.__init__": {"executed_lines": [], "summary": {"covered_lines": 0, "num_statements": 1, "percent_covered": 0.0, "percent_covered_display": "0", "missing_lines": 1, "excluded_lines": 0, "percent_statements_covered": 0.0, "percent_statements_covered_display": "0", "num_branches": 0, "num_partial_branches": 0, "covered_branches": 0, "missing_branches": 0, "percent_branches_covered": 100.0, "percent_branches_covered_display": "100"}, "missing_lines": [9], "excluded_lines": [], "start_line": 8, "executed_branches": [], "missing_branches": []}, "S3Utils.write_to_s3": {"executed_lines": [], "summary": {"covered_lines": 0, "num_statements": 1, "percent_covered": 0.0, "percent_covered_display": "0", "missing_lines": 1, "excluded_lines": 0, "percent_statements_covered": 0.0, "percent_statements_covered_display": "0", "num_branches": 0, "num_partial_branches": 0, "covered_branches": 0, "missing_branches": 0, "percent_branches_covered": 100.0, "percent_branches_covered_display": "100"}, "missing_lines": [13], "excluded_lines": [], "start_line": 11, "executed_branches": [], "missing_branches": []}, "S3Utils.read_from_s3": {"executed_lines": [], "summary": {"covered_lines": 0, "num_statements": 2, "percent_covered": 0.0, "percent_covered_display": "0", "missing_lines": 2, "excluded_lines": 0, "percent_statements_covered": 0.0, "percent_statements_covered_display": "0", "num_branches": 0, "num_partial_branches": 0, "covered_branches": 0, "missing_branches": 0, "percent_branches_covered": 100.0, "percent_branches_covered_display": "100"}, "missing_lines": [18, 19], "excluded_lines": [], "start_line": 16, "executed_branches": [], "missing_branches": []}, "S3Utils.list_s3_files": {"executed_lines": [], "summary": {"covered_lines": 0, "num_statements": 8, "percent_covered": 0.0, "percent_covered_display": "0", "missing_lines": 8, "excluded_lines": 0, "percent_statements_covered": 0.0, "percent_statements_covered_display": "0", "num_branches": 6, "num_partial_branches": 0, "covered_branches": 0, "missing_branches": 6, "percent_branches_covered": 0.0, "percent_branches_covered_display": "0"}, "missing_lines": [24, 25, 26, 27, 28, 29, 30, 31], "excluded_lines": [], "start_line": 22, "executed_branches": [], "missing_branches": [[27, 28], [27, 31], [28, 27], [28, 29], [29, 27], [29, 30]]}, "": {"executed_lines": [], "summary": {"covered_lines": 0, "num_statements": 6, "percent_covered": 0.0, "percent_covered_display": "0", "missing_lines": 6, "excluded_lines": 0, "percent_statements_covered": 0.0, "percent_statements_covered_display": "0", "num_branches": 0, "num_partial_branches": 0, "covered_branches": 0, "missing_branches": 0, "percent_branches_covered": 100.0, "percent_branches_covered_display": "100"}, "missing_lines": [4, 7, 8, 11, 16, 22], "excluded_lines": [], "start_line": 1, "executed_branches": [], "missing_branches": []}}, "classes": {"S3Utils": {"executed_lines": [], "summary": {"covered_lines": 0, "num_statements": 12, "percent_covered": 0.0, "percent_covered_display": "0", "missing_lines": 12, "excluded_lines": 0, "percent_statements_covered": 0.0, "percent_statements_covered_display": "0", "num_branches": 6, "num_partial_branches": 0, "covered_branches": 0, "missing_branches": 6, "percent_branches_covered": 0.0, "percent_branches_covered_display": "0"}, "missing_lines": [9, 13, 18, 19, 24, 25, 26, 27, 28, 29, 30, 31], "excluded_lines": [], "start_line": 7, "executed_branches": [], "missing_branches": [[27, 28], [27, 31], [28, 27], [28, 29], [29, 27], [29, 30]]}, "": {"executed_lines": [], "summary": {"covered_lines": 0, "num_statements": 6, "percent_covered": 0.0, "percent_covered_display": "0", "missing_lines": 6, "excluded_lines": 0, "percent_statements_covered": 0.0, "percent_statements_covered_display": "0", "num_branches": 0, "num_partial_branches": 0, "covered_branches": 0, "missing_branches": 0, "percent_branches_covered": 100.0, "percent_branches_covered_display": "100"}, "missing_lines": [4, 7, 8, 11, 16, 22], "excluded_lines": [], "start_line": 1, "executed_branches": [], "missing_branches": []}}}, "dq/validate.py": {"executed_lines": [6, 7, 8, 9, 11, 14, 16, 25, 27, 29, 32, 41, 42, 43, 45, 47, 49, 54, 59, 63, 66, 70, 71, 72, 73, 75, 76, 77, 78, 79, 80, 81, 82, 88, 89, 90, 91, 92, 93, 95, 96, 98, 99, 100, 103], "summary": {"covered_lines": 45, "num_statements": 62, "percent_covered": 71.42857142857143, "percent_covered_display": "71", "missing_lines": 17, "excluded_lines": 2, "percent_statements_covered": 72.58064516129032, "percent_statements_covered_display": "73", "num_branches": 22, "num_partial_branches": 1, "covered_branches": 15, "missing_branches": 7, "percent_branches_covered": 68.18181818181819, "percent_branches_covered_display": "68"}, "missing_lines": [67, 68, 105, 115, 116, 122, 126, 128, 129, 131, 133, 134, 135, 137, 138, 140, 142], "excluded_lines": [145, 146], "executed_branches": [[47, 49], [47, 59], [66, 70], [71, 72], [71, 75], [75, 76], [75, 95], [77, 78], [77, 80], [81, 82], [81, 89], [89, 75], [89, 90], [91, 75], [91, 92]], "missing_branches": [[66, 67], [128, 129], [128, 131], [133, 134], [133, 137], [137, 138], [137, 140]], "functions": {"is_local_config_reference": {"executed_lines": [27, 29], "summary": {"covered_lines": 2, "num_statements": 2, "percent_covered": 100.0, "percent_covered_display": "100", "missing_lines": 0, "excluded_lines": 0, "percent_statements_covered": 100.0, "percent_statements_covered_display": "100", "num_branches": 0, "num_partial_branches": 0, "covered_branches": 0, "missing_branches": 0, "percent_branches_covered": 100.0, "percent_branches_covered_display": "100"}, "missing_lines": [], "excluded_lines": [], "start_line": 25, "executed_branches": [], "missing_branches": []}, "validate_config": {"executed_lines": [41, 42, 43, 45, 47, 49, 54, 59, 63, 66, 70, 71, 72, 73, 75, 76, 77, 78, 79, 80, 81, 82, 88, 89, 90, 91, 92, 93, 95, 96, 98, 99, 100], "summary": {"covered_lines": 33, "num_statements": 35, "percent_covered": 94.11764705882354, "percent_covered_display": "94", "missing_lines": 2, "excluded_lines": 0, "percent_statements_covered": 94.28571428571429, "percent_statements_covered_display": "94", "num_branches": 16, "num_partial_branches": 1, "covered_branches": 15, "missing_branches": 1, "percent_branches_covered": 93.75, "percent_branches_covered_display": "94"}, "missing_lines": [67, 68], "excluded_lines": [], "start_line": 32, "executed_branches": [[47, 49], [47, 59], [66, 70], [71, 72], [71, 75], [75, 76], [75, 95], [77, 78], [77, 80], [81, 82], [81, 89], [89, 75], [89, 90], [91, 75], [91, 92]], "missing_branches": [[66, 67]]}, "main": {"executed_lines": [], "summary": {"covered_lines": 0, "num_statements": 15, "percent_covered": 0.0, "percent_covered_display": "0", "missing_lines": 15, "excluded_lines": 0, "percent_statements_covered": 0.0, "percent_statements_covered_display": "0", "num_branches": 6, "num_partial_branches": 0, "covered_branches": 0, "missing_branches": 6, "percent_branches_covered": 0.0, "percent_branches_covered_display": "0"}, "missing_lines": [105, 115, 116, 122, 126, 128, 129, 131, 133, 134, 135, 137, 138, 140, 142], "excluded_lines": [], "start_line": 103, "executed_branches": [], "missing_branches": [[128, 129], [128, 131], [133, 134], [133, 137], [137, 138], [137, 140]]}, "": {"executed_lines": [6, 7, 8, 9, 11, 14, 16, 25, 32, 103], "summary": {"covered_lines": 10, "num_statements": 10, "percent_covered": 100.0, "percent_covered_display": "100", "missing_lines": 0, "excluded_lines": 2, "percent_statements_covered": 100.0, "percent_statements_covered_display": "100", "num_branches": 0, "num_partial_branches": 0, "covered_branches": 0, "missing_branches": 0, "percent_branches_covered": 100.0, "percent_branches_covered_display": "100"}, "missing_lines": [], "excluded_lines": [145, 146], "start_line": 1, "executed_branches": [], "missing_branches": []}}, "classes": {"": {"executed_lines": [6, 7, 8, 9, 11, 14, 16, 25, 27, 29, 32, 41, 42, 43, 45, 47, 49, 54, 59, 63, 66, 70, 71, 72, 73, 75, 76, 77, 78, 79, 80, 81, 82, 88, 89, 90, 91, 92, 93, 95, 96, 98, 99, 100, 103], "summary": {"covered_lines": 45, "num_statements": 62, "percent_covered": 71.42857142857143, "percent_covered_display": "71", "missing_lines": 17, "excluded_lines": 2, "percent_statements_covered": 72.58064516129032, "percent_statements_covered_display": "73", "num_branches": 22, "num_partial_branches": 1, "covered_branches": 15, "missing_branches": 7, "percent_branches_covered": 68.18181818181819, "percent_branches_covered_display": "68"}, "missing_lines": [67, 68, 105, 115, 116, 122, 126, 128, 129, 131, 133, 134, 135, 137, 138, 140, 142], "excluded_lines": [145, 146], "start_line": 1, "executed_branches": [[47, 49], [47, 59], [66, 70], [71, 72], [71, 75], [75, 76], [75, 95], [77, 78], [77, 80], [81, 82], [81, 89], [89, 75], [89, 90], [91, 75], [91, 92]], "missing_branches": [[66, 67], [128, 129], [128, 131], [133, 134], [133, 137], [137, 138], [137, 140]]}}}}, "totals": {"covered_lines": 2233, "num_statements": 2601, "percent_covered": 85.3721129170231, "percent_covered_display": "85", "missing_lines": 368, "excluded_lines": 16, "percent_statements_covered": 85.85159554017686, "percent_statements_covered_display": "86", "num_branches": 906, "num_partial_branches": 59, "covered_branches": 761, "missing_branches": 145, "percent_branches_covered": 83.99558498896248, "percent_branches_covered_display": "84"}}